"C:/Users/bro_a/OneDrive/Documents/GitHub/Engines1Project/Engines1Project/Content/UE5_RawAsset/Fonts/Organo.uexp" 0
"C:/Users/bro_a/OneDrive/Documents/GitHub/Engines1Project/Engines1Project/Content/UE5_RawAsset/Fonts/Organo.uasset" 1
"C:/Users/bro_a/OneDrive/Documents/GitHub/Engines1Project/Engines1Project/Content/UE5_RawAsset/Fonts/Organo.ufont" 2
"C:/Users/bro_a/OneDrive/Documents/GitHub/Engines1Project/Engines1Project/Content/UE5_RawAsset/Fonts/Organo_Font.uasset" 3
"C:/Users/bro_a/OneDrive/Documents/GitHub/Engines1Project/Engines1Project/Content/UE5_RawAsset/Fonts/Organo_Font.uexp" 4
"C:/Users/bro_a/OneDrive/Documents/GitHub/Engines1Project/Engines1Project/Content/InterfaceWidgest/MainHUD.uasset" 5
"C:/Users/bro_a/OneDrive/Documents/GitHub/Engines1Project/Engines1Project/Content/InterfaceWidgest/MainHUD.uexp" 6
"C:/Users/bro_a/OneDrive/Documents/GitHub/Engines1Project/Engines1Project/Content/Characters/Mannequins/Meshes/SK_Mannequin.uasset" 7
"C:/Users/bro_a/OneDrive/Documents/GitHub/Engines1Project/Engines1Project/Content/Characters/Mannequins/Meshes/SK_Mannequin.uexp" 8
"../../../Engine/Content/Animation/DefaultAnimCurveCompressionSettings.uasset" 9
"../../../Engine/Content/Animation/DefaultAnimCurveCompressionSettings.uexp" 10
"../../../Engine/Content/Animation/DefaultAnimBoneCompressionSettings.uasset" 11
"../../../Engine/Content/Animation/DefaultAnimBoneCompressionSettings.uexp" 12
"C:/Users/bro_a/OneDrive/Documents/GitHub/Engines1Project/Engines1Project/Content/Characters/Mannequins/Rigs/Poses/Manny/Manny_foot_l_anim.uasset" 13
"C:/Users/bro_a/OneDrive/Documents/GitHub/Engines1Project/Engines1Project/Content/Characters/Mannequins/Rigs/Poses/Manny/Manny_foot_l_anim.uexp" 14
"C:/Users/bro_a/OneDrive/Documents/GitHub/Engines1Project/Engines1Project/Content/Characters/Mannequins/Rigs/Poses/Manny/Manny_foot_l_pose.uasset" 15
"C:/Users/bro_a/OneDrive/Documents/GitHub/Engines1Project/Engines1Project/Content/Characters/Mannequins/Rigs/Poses/Manny/Manny_foot_l_pose.uexp" 16
"C:/Users/bro_a/OneDrive/Documents/GitHub/Engines1Project/Engines1Project/Content/Characters/Mannequins/Rigs/Poses/Manny/Manny_thigh_r_anim.uasset" 17
"C:/Users/bro_a/OneDrive/Documents/GitHub/Engines1Project/Engines1Project/Content/Characters/Mannequins/Rigs/Poses/Manny/Manny_thigh_r_anim.uexp" 18
"C:/Users/bro_a/OneDrive/Documents/GitHub/Engines1Project/Engines1Project/Content/Characters/Mannequins/Rigs/Poses/Manny/Manny_thigh_r_pose.uasset" 19
"C:/Users/bro_a/OneDrive/Documents/GitHub/Engines1Project/Engines1Project/Content/Characters/Mannequins/Rigs/Poses/Manny/Manny_thigh_r_pose.uexp" 20
"C:/Users/bro_a/OneDrive/Documents/GitHub/Engines1Project/Engines1Project/Content/Characters/Mannequins/Rigs/Poses/Manny/Manny_hand_r_anim.uasset" 21
"C:/Users/bro_a/OneDrive/Documents/GitHub/Engines1Project/Engines1Project/Content/Characters/Mannequins/Rigs/Poses/Manny/Manny_hand_r_anim.uexp" 22
"C:/Users/bro_a/OneDrive/Documents/GitHub/Engines1Project/Engines1Project/Content/Characters/Mannequins/Rigs/Poses/Manny/Manny_hand_r_pose.uasset" 23
"C:/Users/bro_a/OneDrive/Documents/GitHub/Engines1Project/Engines1Project/Content/Characters/Mannequins/Rigs/Poses/Manny/Manny_hand_r_pose.uexp" 24
"C:/Users/bro_a/OneDrive/Documents/GitHub/Engines1Project/Engines1Project/Content/Characters/Mannequins/Rigs/Poses/Manny/Manny_clavicle_l_anim.uasset" 25
"C:/Users/bro_a/OneDrive/Documents/GitHub/Engines1Project/Engines1Project/Content/Characters/Mannequins/Rigs/Poses/Manny/Manny_clavicle_l_anim.uexp" 26
"C:/Users/bro_a/OneDrive/Documents/GitHub/Engines1Project/Engines1Project/Content/Characters/Mannequins/Rigs/Poses/Manny/Manny_clavicle_l_pose.uasset" 27
"C:/Users/bro_a/OneDrive/Documents/GitHub/Engines1Project/Engines1Project/Content/Characters/Mannequins/Rigs/Poses/Manny/Manny_clavicle_l_pose.uexp" 28
"C:/Users/bro_a/OneDrive/Documents/GitHub/Engines1Project/Engines1Project/Content/Characters/Mannequins/Rigs/Poses/Manny/Manny_calf_l_anim.uasset" 29
"C:/Users/bro_a/OneDrive/Documents/GitHub/Engines1Project/Engines1Project/Content/Characters/Mannequins/Rigs/Poses/Manny/Manny_calf_l_anim.uexp" 30
"C:/Users/bro_a/OneDrive/Documents/GitHub/Engines1Project/Engines1Project/Content/Characters/Mannequins/Rigs/Poses/Manny/Manny_calf_l_pose.uasset" 31
"C:/Users/bro_a/OneDrive/Documents/GitHub/Engines1Project/Engines1Project/Content/Characters/Mannequins/Rigs/Poses/Manny/Manny_calf_l_pose.uexp" 32
"C:/Users/bro_a/OneDrive/Documents/GitHub/Engines1Project/Engines1Project/Content/Characters/Mannequins/Rigs/Poses/Manny/Manny_hand_l_anim.uasset" 33
"C:/Users/bro_a/OneDrive/Documents/GitHub/Engines1Project/Engines1Project/Content/Characters/Mannequins/Rigs/Poses/Manny/Manny_hand_l_anim.uexp" 34
"C:/Users/bro_a/OneDrive/Documents/GitHub/Engines1Project/Engines1Project/Content/Characters/Mannequins/Rigs/Poses/Manny/Manny_hand_l_pose.uasset" 35
"C:/Users/bro_a/OneDrive/Documents/GitHub/Engines1Project/Engines1Project/Content/Characters/Mannequins/Rigs/Poses/Manny/Manny_hand_l_pose.uexp" 36
"../../../Engine/Plugins/Animation/ControlRig/Content/Controls/DefaultGizmoLibrary.uasset" 37
"../../../Engine/Plugins/Animation/ControlRig/Content/Controls/DefaultGizmoLibrary.uexp" 38
"C:/Users/bro_a/OneDrive/Documents/GitHub/Engines1Project/Engines1Project/Content/Characters/Mannequins/Rigs/CR_Mannequin_Procedural.uasset" 39
"C:/Users/bro_a/OneDrive/Documents/GitHub/Engines1Project/Engines1Project/Content/Characters/Mannequins/Rigs/CR_Mannequin_Procedural.uexp" 40
"C:/Users/bro_a/OneDrive/Documents/GitHub/Engines1Project/Engines1Project/Content/Characters/Mannequins/Rigs/Poses/Manny/Manny_upperarm_r_anim.uasset" 41
"C:/Users/bro_a/OneDrive/Documents/GitHub/Engines1Project/Engines1Project/Content/Characters/Mannequins/Rigs/Poses/Manny/Manny_upperarm_r_anim.uexp" 42
"C:/Users/bro_a/OneDrive/Documents/GitHub/Engines1Project/Engines1Project/Content/Characters/Mannequins/Rigs/Poses/Manny/Manny_upperarm_r_pose.uasset" 43
"C:/Users/bro_a/OneDrive/Documents/GitHub/Engines1Project/Engines1Project/Content/Characters/Mannequins/Rigs/Poses/Manny/Manny_upperarm_r_pose.uexp" 44
"C:/Users/bro_a/OneDrive/Documents/GitHub/Engines1Project/Engines1Project/Content/Characters/Mannequins/Rigs/Poses/Manny/Manny_lowerarm_r_anim.uasset" 45
"C:/Users/bro_a/OneDrive/Documents/GitHub/Engines1Project/Engines1Project/Content/Characters/Mannequins/Rigs/Poses/Manny/Manny_lowerarm_r_anim.uexp" 46
"C:/Users/bro_a/OneDrive/Documents/GitHub/Engines1Project/Engines1Project/Content/Characters/Mannequins/Rigs/Poses/Manny/Manny_lowerarm_r_pose.uasset" 47
"C:/Users/bro_a/OneDrive/Documents/GitHub/Engines1Project/Engines1Project/Content/Characters/Mannequins/Rigs/Poses/Manny/Manny_lowerarm_r_pose.uexp" 48
"C:/Users/bro_a/OneDrive/Documents/GitHub/Engines1Project/Engines1Project/Content/Characters/Mannequins/Rigs/Poses/Manny/Manny_calf_r_anim.uasset" 49
"C:/Users/bro_a/OneDrive/Documents/GitHub/Engines1Project/Engines1Project/Content/Characters/Mannequins/Rigs/Poses/Manny/Manny_calf_r_anim.uexp" 50
"C:/Users/bro_a/OneDrive/Documents/GitHub/Engines1Project/Engines1Project/Content/Characters/Mannequins/Rigs/Poses/Manny/Manny_calf_r_pose.uasset" 51
"C:/Users/bro_a/OneDrive/Documents/GitHub/Engines1Project/Engines1Project/Content/Characters/Mannequins/Rigs/Poses/Manny/Manny_calf_r_pose.uexp" 52
"C:/Users/bro_a/OneDrive/Documents/GitHub/Engines1Project/Engines1Project/Content/Characters/Mannequins/Rigs/Poses/Manny/Manny_foot_r_anim.uasset" 53
"C:/Users/bro_a/OneDrive/Documents/GitHub/Engines1Project/Engines1Project/Content/Characters/Mannequins/Rigs/Poses/Manny/Manny_foot_r_anim.uexp" 54
"C:/Users/bro_a/OneDrive/Documents/GitHub/Engines1Project/Engines1Project/Content/Characters/Mannequins/Rigs/Poses/Manny/Manny_foot_r_pose.uasset" 55
"C:/Users/bro_a/OneDrive/Documents/GitHub/Engines1Project/Engines1Project/Content/Characters/Mannequins/Rigs/Poses/Manny/Manny_foot_r_pose.uexp" 56
"C:/Users/bro_a/OneDrive/Documents/GitHub/Engines1Project/Engines1Project/Content/Characters/Mannequins/Rigs/Poses/Manny/Manny_lowerarm_l_anim.uasset" 57
"C:/Users/bro_a/OneDrive/Documents/GitHub/Engines1Project/Engines1Project/Content/Characters/Mannequins/Rigs/Poses/Manny/Manny_lowerarm_l_anim.uexp" 58
"C:/Users/bro_a/OneDrive/Documents/GitHub/Engines1Project/Engines1Project/Content/Characters/Mannequins/Rigs/Poses/Manny/Manny_lowerarm_l_pose.uasset" 59
"C:/Users/bro_a/OneDrive/Documents/GitHub/Engines1Project/Engines1Project/Content/Characters/Mannequins/Rigs/Poses/Manny/Manny_lowerarm_l_pose.uexp" 60
"C:/Users/bro_a/OneDrive/Documents/GitHub/Engines1Project/Engines1Project/Content/Characters/Mannequins/Rigs/Poses/Manny/Manny_clavicle_r_anim.uasset" 61
"C:/Users/bro_a/OneDrive/Documents/GitHub/Engines1Project/Engines1Project/Content/Characters/Mannequins/Rigs/Poses/Manny/Manny_clavicle_r_anim.uexp" 62
"C:/Users/bro_a/OneDrive/Documents/GitHub/Engines1Project/Engines1Project/Content/Characters/Mannequins/Rigs/Poses/Manny/Manny_clavicle_r_pose.uasset" 63
"C:/Users/bro_a/OneDrive/Documents/GitHub/Engines1Project/Engines1Project/Content/Characters/Mannequins/Rigs/Poses/Manny/Manny_clavicle_r_pose.uexp" 64
"C:/Users/bro_a/OneDrive/Documents/GitHub/Engines1Project/Engines1Project/Content/Characters/Mannequins/Rigs/Poses/Manny/Manny_thigh_l_anim.uasset" 65
"C:/Users/bro_a/OneDrive/Documents/GitHub/Engines1Project/Engines1Project/Content/Characters/Mannequins/Rigs/Poses/Manny/Manny_thigh_l_anim.uexp" 66
"C:/Users/bro_a/OneDrive/Documents/GitHub/Engines1Project/Engines1Project/Content/Characters/Mannequins/Rigs/Poses/Manny/Manny_thigh_l_pose.uasset" 67
"C:/Users/bro_a/OneDrive/Documents/GitHub/Engines1Project/Engines1Project/Content/Characters/Mannequins/Rigs/Poses/Manny/Manny_thigh_l_pose.uexp" 68
"C:/Users/bro_a/OneDrive/Documents/GitHub/Engines1Project/Engines1Project/Content/Characters/Mannequins/Rigs/Poses/Manny/Manny_upperarm_l_anim.uasset" 69
"C:/Users/bro_a/OneDrive/Documents/GitHub/Engines1Project/Engines1Project/Content/Characters/Mannequins/Rigs/Poses/Manny/Manny_upperarm_l_anim.uexp" 70
"C:/Users/bro_a/OneDrive/Documents/GitHub/Engines1Project/Engines1Project/Content/Characters/Mannequins/Rigs/Poses/Manny/Manny_upperarm_l_pose.uasset" 71
"C:/Users/bro_a/OneDrive/Documents/GitHub/Engines1Project/Engines1Project/Content/Characters/Mannequins/Rigs/Poses/Manny/Manny_upperarm_l_pose.uexp" 72
"C:/Users/bro_a/OneDrive/Documents/GitHub/Engines1Project/Engines1Project/Content/Characters/Mannequins/Rigs/ABP_Manny_PostProcess.uasset" 73
"C:/Users/bro_a/OneDrive/Documents/GitHub/Engines1Project/Engines1Project/Content/Characters/Mannequins/Rigs/ABP_Manny_PostProcess.uexp" 74
"C:/Users/bro_a/OneDrive/Documents/GitHub/Engines1Project/Engines1Project/Content/Characters/Mannequins/Textures/Manny/T_Manny_02_MSR_MSK.ubulk" 75
"C:/Users/bro_a/OneDrive/Documents/GitHub/Engines1Project/Engines1Project/Content/Characters/Mannequins/Textures/Manny/T_Manny_02_MSR_MSK.uasset" 76
"C:/Users/bro_a/OneDrive/Documents/GitHub/Engines1Project/Engines1Project/Content/Characters/Mannequins/Textures/Manny/T_Manny_02_MSR_MSK.uexp" 77
"C:/Users/bro_a/OneDrive/Documents/GitHub/Engines1Project/Engines1Project/Content/Characters/Mannequins/Textures/Manny/T_Manny_02_CCRCCPlastic_MSK.ubulk" 78
"C:/Users/bro_a/OneDrive/Documents/GitHub/Engines1Project/Engines1Project/Content/Characters/Mannequins/Textures/Manny/T_Manny_02_CCRCCPlastic_MSK.uasset" 79
"C:/Users/bro_a/OneDrive/Documents/GitHub/Engines1Project/Engines1Project/Content/Characters/Mannequins/Textures/Manny/T_Manny_02_CCRCCPlastic_MSK.uexp" 80
"C:/Users/bro_a/OneDrive/Documents/GitHub/Engines1Project/Engines1Project/Content/Characters/Mannequins/Textures/Manny/T_Manny_02_Tan.ubulk" 81
"C:/Users/bro_a/OneDrive/Documents/GitHub/Engines1Project/Engines1Project/Content/Characters/Mannequins/Textures/Manny/T_Manny_02_Tan.uasset" 82
"C:/Users/bro_a/OneDrive/Documents/GitHub/Engines1Project/Engines1Project/Content/Characters/Mannequins/Textures/Manny/T_Manny_02_Tan.uexp" 83
"C:/Users/bro_a/OneDrive/Documents/GitHub/Engines1Project/Engines1Project/Content/Characters/Mannequins/Textures/Manny/T_Manny_02_N.ubulk" 84
"C:/Users/bro_a/OneDrive/Documents/GitHub/Engines1Project/Engines1Project/Content/Characters/Mannequins/Textures/Manny/T_Manny_02_N.uasset" 85
"C:/Users/bro_a/OneDrive/Documents/GitHub/Engines1Project/Engines1Project/Content/Characters/Mannequins/Textures/Manny/T_Manny_02_N.uexp" 86
"C:/Users/bro_a/OneDrive/Documents/GitHub/Engines1Project/Engines1Project/Content/Characters/Mannequins/Textures/Manny/T_Manny_01_N.ubulk" 87
"C:/Users/bro_a/OneDrive/Documents/GitHub/Engines1Project/Engines1Project/Content/Characters/Mannequins/Textures/Manny/T_Manny_01_N.uasset" 88
"C:/Users/bro_a/OneDrive/Documents/GitHub/Engines1Project/Engines1Project/Content/Characters/Mannequins/Textures/Manny/T_Manny_01_N.uexp" 89
"C:/Users/bro_a/OneDrive/Documents/GitHub/Engines1Project/Engines1Project/Content/Characters/Mannequins/Materials/Functions/ChromaticCurve.uasset" 90
"C:/Users/bro_a/OneDrive/Documents/GitHub/Engines1Project/Engines1Project/Content/Characters/Mannequins/Materials/Functions/ChromaticCurve.uexp" 91
"C:/Users/bro_a/OneDrive/Documents/GitHub/Engines1Project/Engines1Project/Content/Characters/Mannequins/Materials/Functions/CA_Mannequin.uasset" 92
"C:/Users/bro_a/OneDrive/Documents/GitHub/Engines1Project/Engines1Project/Content/Characters/Mannequins/Materials/Functions/CA_Mannequin.uexp" 93
"C:/Users/bro_a/OneDrive/Documents/GitHub/Engines1Project/Engines1Project/Content/Characters/Mannequins/Materials/Functions/MF_Diffraction.uasset" 94
"C:/Users/bro_a/OneDrive/Documents/GitHub/Engines1Project/Engines1Project/Content/Characters/Mannequins/Materials/Functions/MF_Diffraction.uexp" 95
"C:/Users/bro_a/OneDrive/Documents/GitHub/Engines1Project/Engines1Project/Content/Characters/Mannequins/Materials/Functions/ML_BaseColorFallOff.uasset" 96
"C:/Users/bro_a/OneDrive/Documents/GitHub/Engines1Project/Engines1Project/Content/Characters/Mannequins/Materials/Functions/ML_BaseColorFallOff.uexp" 97
"../../../Engine/Content/Functions/Engine_MaterialFunctions02/Utility/BreakOutFloat2Components.uasset" 98
"../../../Engine/Content/Functions/Engine_MaterialFunctions02/Utility/BreakOutFloat2Components.uexp" 99
"../../../Engine/Content/Functions/Engine_MaterialFunctions01/Texturing/ScaleUVsByCenter.uasset" 100
"../../../Engine/Content/Functions/Engine_MaterialFunctions01/Texturing/ScaleUVsByCenter.uexp" 101
"C:/Users/bro_a/OneDrive/Documents/GitHub/Engines1Project/Engines1Project/Content/Characters/Mannequins/Textures/Shared/T_UE_Logo_M.uasset" 102
"C:/Users/bro_a/OneDrive/Documents/GitHub/Engines1Project/Engines1Project/Content/Characters/Mannequins/Textures/Shared/T_UE_Logo_M.uexp" 103
"C:/Users/bro_a/OneDrive/Documents/GitHub/Engines1Project/Engines1Project/Content/Characters/Mannequins/Materials/Functions/MF_logo3layers.uasset" 104
"C:/Users/bro_a/OneDrive/Documents/GitHub/Engines1Project/Engines1Project/Content/Characters/Mannequins/Materials/Functions/MF_logo3layers.uexp" 105
"C:/Users/bro_a/OneDrive/Documents/GitHub/Engines1Project/Engines1Project/Content/Characters/Mannequins/Textures/Manny/T_Manny_01_CCRCCPlastic_MSK.ubulk" 106
"C:/Users/bro_a/OneDrive/Documents/GitHub/Engines1Project/Engines1Project/Content/Characters/Mannequins/Textures/Manny/T_Manny_01_CCRCCPlastic_MSK.uasset" 107
"C:/Users/bro_a/OneDrive/Documents/GitHub/Engines1Project/Engines1Project/Content/Characters/Mannequins/Textures/Manny/T_Manny_01_CCRCCPlastic_MSK.uexp" 108
"C:/Users/bro_a/OneDrive/Documents/GitHub/Engines1Project/Engines1Project/Content/Characters/Mannequins/Textures/Manny/T_Manny_01_ASAOPMASK_MSK.ubulk" 109
"C:/Users/bro_a/OneDrive/Documents/GitHub/Engines1Project/Engines1Project/Content/Characters/Mannequins/Textures/Manny/T_Manny_01_ASAOPMASK_MSK.uasset" 110
"C:/Users/bro_a/OneDrive/Documents/GitHub/Engines1Project/Engines1Project/Content/Characters/Mannequins/Textures/Manny/T_Manny_01_ASAOPMASK_MSK.uexp" 111
"C:/Users/bro_a/OneDrive/Documents/GitHub/Engines1Project/Engines1Project/Content/Characters/Mannequins/Textures/Manny/T_Manny_01_MSR_MSK.ubulk" 112
"C:/Users/bro_a/OneDrive/Documents/GitHub/Engines1Project/Engines1Project/Content/Characters/Mannequins/Textures/Manny/T_Manny_01_MSR_MSK.uasset" 113
"C:/Users/bro_a/OneDrive/Documents/GitHub/Engines1Project/Engines1Project/Content/Characters/Mannequins/Textures/Manny/T_Manny_01_MSR_MSK.uexp" 114
"C:/Users/bro_a/OneDrive/Documents/GitHub/Engines1Project/Engines1Project/Content/Characters/Mannequins/Textures/Manny/T_Manny_01_BN.ubulk" 115
"C:/Users/bro_a/OneDrive/Documents/GitHub/Engines1Project/Engines1Project/Content/Characters/Mannequins/Textures/Manny/T_Manny_01_BN.uasset" 116
"C:/Users/bro_a/OneDrive/Documents/GitHub/Engines1Project/Engines1Project/Content/Characters/Mannequins/Textures/Manny/T_Manny_01_BN.uexp" 117
"C:/Users/bro_a/OneDrive/Documents/GitHub/Engines1Project/Engines1Project/Content/Characters/Mannequins/Textures/Manny/T_Manny_01_D.ubulk" 118
"C:/Users/bro_a/OneDrive/Documents/GitHub/Engines1Project/Engines1Project/Content/Characters/Mannequins/Textures/Manny/T_Manny_01_D.uasset" 119
"C:/Users/bro_a/OneDrive/Documents/GitHub/Engines1Project/Engines1Project/Content/Characters/Mannequins/Textures/Manny/T_Manny_01_D.uexp" 120
"C:/Users/bro_a/OneDrive/Documents/GitHub/Engines1Project/Engines1Project/Content/Characters/Mannequins/Textures/Manny/T_Manny_01_Tan.ubulk" 121
"C:/Users/bro_a/OneDrive/Documents/GitHub/Engines1Project/Engines1Project/Content/Characters/Mannequins/Textures/Manny/T_Manny_01_Tan.uasset" 122
"C:/Users/bro_a/OneDrive/Documents/GitHub/Engines1Project/Engines1Project/Content/Characters/Mannequins/Textures/Manny/T_Manny_01_Tan.uexp" 123
"C:/Users/bro_a/OneDrive/Documents/GitHub/Engines1Project/Engines1Project/Content/Characters/Mannequins/Materials/M_Mannequin.uasset" 124
"C:/Users/bro_a/OneDrive/Documents/GitHub/Engines1Project/Engines1Project/Content/Characters/Mannequins/Materials/M_Mannequin.uexp" 125
"C:/Users/bro_a/OneDrive/Documents/GitHub/Engines1Project/Engines1Project/Content/Characters/Mannequins/Materials/Instances/Manny/MI_Manny_01.uasset" 126
"C:/Users/bro_a/OneDrive/Documents/GitHub/Engines1Project/Engines1Project/Content/Characters/Mannequins/Materials/Instances/Manny/MI_Manny_01.uexp" 127
"C:/Users/bro_a/OneDrive/Documents/GitHub/Engines1Project/Engines1Project/Content/Characters/Mannequins/Textures/Manny/T_Manny_02_BN.ubulk" 128
"C:/Users/bro_a/OneDrive/Documents/GitHub/Engines1Project/Engines1Project/Content/Characters/Mannequins/Textures/Manny/T_Manny_02_BN.uasset" 129
"C:/Users/bro_a/OneDrive/Documents/GitHub/Engines1Project/Engines1Project/Content/Characters/Mannequins/Textures/Manny/T_Manny_02_BN.uexp" 130
"C:/Users/bro_a/OneDrive/Documents/GitHub/Engines1Project/Engines1Project/Content/Characters/Mannequins/Textures/Manny/T_Manny_02_ASAOPMASK_MSK.ubulk" 131
"C:/Users/bro_a/OneDrive/Documents/GitHub/Engines1Project/Engines1Project/Content/Characters/Mannequins/Textures/Manny/T_Manny_02_ASAOPMASK_MSK.uasset" 132
"C:/Users/bro_a/OneDrive/Documents/GitHub/Engines1Project/Engines1Project/Content/Characters/Mannequins/Textures/Manny/T_Manny_02_ASAOPMASK_MSK.uexp" 133
"C:/Users/bro_a/OneDrive/Documents/GitHub/Engines1Project/Engines1Project/Content/Characters/Mannequins/Textures/Manny/T_Manny_02_D.ubulk" 134
"C:/Users/bro_a/OneDrive/Documents/GitHub/Engines1Project/Engines1Project/Content/Characters/Mannequins/Textures/Manny/T_Manny_02_D.uasset" 135
"C:/Users/bro_a/OneDrive/Documents/GitHub/Engines1Project/Engines1Project/Content/Characters/Mannequins/Textures/Manny/T_Manny_02_D.uexp" 136
"C:/Users/bro_a/OneDrive/Documents/GitHub/Engines1Project/Engines1Project/Content/Characters/Mannequins/Materials/Instances/Manny/MI_Manny_02.uasset" 137
"C:/Users/bro_a/OneDrive/Documents/GitHub/Engines1Project/Engines1Project/Content/Characters/Mannequins/Materials/Instances/Manny/MI_Manny_02.uexp" 138
"C:/Users/bro_a/OneDrive/Documents/GitHub/Engines1Project/Engines1Project/Content/Characters/Mannequins/Rigs/PA_Mannequin.uasset" 139
"C:/Users/bro_a/OneDrive/Documents/GitHub/Engines1Project/Engines1Project/Content/Characters/Mannequins/Rigs/PA_Mannequin.uexp" 140
"C:/Users/bro_a/OneDrive/Documents/GitHub/Engines1Project/Engines1Project/Content/Characters/Mannequins/Meshes/SKM_Manny.uasset" 141
"C:/Users/bro_a/OneDrive/Documents/GitHub/Engines1Project/Engines1Project/Content/Characters/Mannequins/Meshes/SKM_Manny.uexp" 142
"C:/Users/bro_a/OneDrive/Documents/GitHub/Engines1Project/Engines1Project/Content/MainGameInstance.uasset" 143
"C:/Users/bro_a/OneDrive/Documents/GitHub/Engines1Project/Engines1Project/Content/MainGameInstance.uexp" 144
"C:/Users/bro_a/OneDrive/Documents/GitHub/Engines1Project/Engines1Project/Content/InterfaceWidgest/PauseMenu.uasset" 145
"C:/Users/bro_a/OneDrive/Documents/GitHub/Engines1Project/Engines1Project/Content/InterfaceWidgest/PauseMenu.uexp" 146
"C:/Users/bro_a/OneDrive/Documents/GitHub/Engines1Project/Engines1Project/Content/Characters/Mannequins/Animations/Quinn/MF_Run_Fwd.uasset" 147
"C:/Users/bro_a/OneDrive/Documents/GitHub/Engines1Project/Engines1Project/Content/Characters/Mannequins/Animations/Quinn/MF_Run_Fwd.uexp" 148
"C:/Users/bro_a/OneDrive/Documents/GitHub/Engines1Project/Engines1Project/Content/Characters/Mannequins/Animations/Quinn/MF_Walk_Fwd.uasset" 149
"C:/Users/bro_a/OneDrive/Documents/GitHub/Engines1Project/Engines1Project/Content/Characters/Mannequins/Animations/Quinn/MF_Walk_Fwd.uexp" 150
"../../../Engine/Content/Animation/DefaultRecorderBoneCompression.uasset" 151
"../../../Engine/Content/Animation/DefaultRecorderBoneCompression.uexp" 152
"C:/Users/bro_a/OneDrive/Documents/GitHub/Engines1Project/Engines1Project/Content/Characters/Mannequins/Animations/Manny/MM_Walk_InPlace.uasset" 153
"C:/Users/bro_a/OneDrive/Documents/GitHub/Engines1Project/Engines1Project/Content/Characters/Mannequins/Animations/Manny/MM_Walk_InPlace.uexp" 154
"C:/Users/bro_a/OneDrive/Documents/GitHub/Engines1Project/Engines1Project/Content/Characters/Mannequins/Animations/Quinn/BS_MF_Unarmed_WalkRun.uasset" 155
"C:/Users/bro_a/OneDrive/Documents/GitHub/Engines1Project/Engines1Project/Content/Characters/Mannequins/Animations/Quinn/BS_MF_Unarmed_WalkRun.uexp" 156
"C:/Users/bro_a/OneDrive/Documents/GitHub/Engines1Project/Engines1Project/Content/Characters/Mannequins/Animations/Quinn/MF_Idle.uasset" 157
"C:/Users/bro_a/OneDrive/Documents/GitHub/Engines1Project/Engines1Project/Content/Characters/Mannequins/Animations/Quinn/MF_Idle.uexp" 158
"C:/Users/bro_a/OneDrive/Documents/GitHub/Engines1Project/Engines1Project/Content/Characters/Mannequins/Animations/Manny/MM_Fall_Loop.uasset" 159
"C:/Users/bro_a/OneDrive/Documents/GitHub/Engines1Project/Engines1Project/Content/Characters/Mannequins/Animations/Manny/MM_Fall_Loop.uexp" 160
"C:/Users/bro_a/OneDrive/Documents/GitHub/Engines1Project/Engines1Project/Content/Characters/Mannequins/Animations/Manny/MM_Jump.uasset" 161
"C:/Users/bro_a/OneDrive/Documents/GitHub/Engines1Project/Engines1Project/Content/Characters/Mannequins/Animations/Manny/MM_Jump.uexp" 162
"C:/Users/bro_a/OneDrive/Documents/GitHub/Engines1Project/Engines1Project/Content/Characters/Mannequins/Rigs/CR_Mannequin_BasicFootIK.uasset" 163
"C:/Users/bro_a/OneDrive/Documents/GitHub/Engines1Project/Engines1Project/Content/Characters/Mannequins/Rigs/CR_Mannequin_BasicFootIK.uexp" 164
"C:/Users/bro_a/OneDrive/Documents/GitHub/Engines1Project/Engines1Project/Content/Characters/Mannequins/Animations/Manny/MM_Run_Fwd.uasset" 165
"C:/Users/bro_a/OneDrive/Documents/GitHub/Engines1Project/Engines1Project/Content/Characters/Mannequins/Animations/Manny/MM_Run_Fwd.uexp" 166
"C:/Users/bro_a/OneDrive/Documents/GitHub/Engines1Project/Engines1Project/Content/Characters/Mannequins/Animations/Manny/MM_Walk_Fwd.uasset" 167
"C:/Users/bro_a/OneDrive/Documents/GitHub/Engines1Project/Engines1Project/Content/Characters/Mannequins/Animations/Manny/MM_Walk_Fwd.uexp" 168
"C:/Users/bro_a/OneDrive/Documents/GitHub/Engines1Project/Engines1Project/Content/Characters/Mannequins/Animations/Manny/BS_MM_WalkRun.uasset" 169
"C:/Users/bro_a/OneDrive/Documents/GitHub/Engines1Project/Engines1Project/Content/Characters/Mannequins/Animations/Manny/BS_MM_WalkRun.uexp" 170
"C:/Users/bro_a/OneDrive/Documents/GitHub/Engines1Project/Engines1Project/Content/Characters/Mannequins/Animations/Manny/MM_Land.uasset" 171
"C:/Users/bro_a/OneDrive/Documents/GitHub/Engines1Project/Engines1Project/Content/Characters/Mannequins/Animations/Manny/MM_Land.uexp" 172
"C:/Users/bro_a/OneDrive/Documents/GitHub/Engines1Project/Engines1Project/Content/Characters/Mannequins/Animations/Manny/MM_Idle.uasset" 173
"C:/Users/bro_a/OneDrive/Documents/GitHub/Engines1Project/Engines1Project/Content/Characters/Mannequins/Animations/Manny/MM_Idle.uexp" 174
"C:/Users/bro_a/OneDrive/Documents/GitHub/Engines1Project/Engines1Project/Content/Characters/Mannequins/Animations/ABP_Manny.uasset" 175
"C:/Users/bro_a/OneDrive/Documents/GitHub/Engines1Project/Engines1Project/Content/Characters/Mannequins/Animations/ABP_Manny.uexp" 176
"C:/Users/bro_a/OneDrive/Documents/GitHub/Engines1Project/Engines1Project/Content/Characters/Mannequins/Animations/ABP_Quinn.uasset" 177
"C:/Users/bro_a/OneDrive/Documents/GitHub/Engines1Project/Engines1Project/Content/Characters/Mannequins/Animations/ABP_Quinn.uexp" 178
"../../../Engine/Content/EditorBlueprintResources/StandardMacros.uasset" 179
"../../../Engine/Content/EditorBlueprintResources/StandardMacros.uexp" 180
"C:/Users/bro_a/OneDrive/Documents/GitHub/Engines1Project/Engines1Project/Content/ThirdPerson/Blueprints/BP_ThirdPersonCharacter.uasset" 181
"C:/Users/bro_a/OneDrive/Documents/GitHub/Engines1Project/Engines1Project/Content/ThirdPerson/Blueprints/BP_ThirdPersonCharacter.uexp" 182
"C:/Users/bro_a/OneDrive/Documents/GitHub/Engines1Project/Engines1Project/Content/ThirdPerson/Blueprints/BP_ThirdPersonGameMode.uasset" 183
"C:/Users/bro_a/OneDrive/Documents/GitHub/Engines1Project/Engines1Project/Content/ThirdPerson/Blueprints/BP_ThirdPersonGameMode.uexp" 184
"../../../Engine/Content/EngineMaterials/T_Default_Material_Grid_M.ubulk" 185
"../../../Engine/Content/EngineMaterials/T_Default_Material_Grid_M.uasset" 186
"../../../Engine/Content/EngineMaterials/T_Default_Material_Grid_M.uexp" 187
"../../../Engine/Content/EngineMaterials/T_Default_Material_Grid_N.ubulk" 188
"../../../Engine/Content/EngineMaterials/T_Default_Material_Grid_N.uasset" 189
"../../../Engine/Content/EngineMaterials/T_Default_Material_Grid_N.uexp" 190
"../../../Engine/Content/Functions/Engine_MaterialFunctions01/Opacity/CameraDepthFade.uasset" 191
"../../../Engine/Content/Functions/Engine_MaterialFunctions01/Opacity/CameraDepthFade.uexp" 192
"../../../Engine/Content/EngineMaterials/WorldGridMaterial.uasset" 193
"../../../Engine/Content/EngineMaterials/WorldGridMaterial.uexp" 194
"../../../Engine/Content/ArtTools/RenderToTexture/Meshes/S_1_Unit_Plane.ubulk" 195
"../../../Engine/Content/ArtTools/RenderToTexture/Meshes/S_1_Unit_Plane.uasset" 196
"../../../Engine/Content/ArtTools/RenderToTexture/Meshes/S_1_Unit_Plane.uexp" 197
"../../../Engine/Content/EngineMaterials/DefaultMaterial.uasset" 198
"../../../Engine/Content/EngineMaterials/DefaultMaterial.uexp" 199
"../../../Engine/Content/BasicShapes/Sphere.ubulk" 200
"../../../Engine/Content/BasicShapes/Sphere.uasset" 201
"../../../Engine/Content/BasicShapes/Sphere.uexp" 202
"../../../Engine/Content/BasicShapes/Plane.ubulk" 203
"../../../Engine/Content/BasicShapes/Plane.uasset" 204
"../../../Engine/Content/BasicShapes/Plane.uexp" 205
"../../../Engine/Content/BasicShapes/Cylinder.ubulk" 206
"../../../Engine/Content/BasicShapes/Cylinder.uasset" 207
"../../../Engine/Content/BasicShapes/Cylinder.uexp" 208
"../../../Engine/Content/BasicShapes/Cube.ubulk" 209
"../../../Engine/Content/BasicShapes/Cube.uasset" 210
"../../../Engine/Content/BasicShapes/Cube.uexp" 211
"../../../Engine/Content/BasicShapes/Cone.ubulk" 212
"../../../Engine/Content/BasicShapes/Cone.uasset" 213
"../../../Engine/Content/BasicShapes/Cone.uexp" 214
"../../../Engine/Content/EditorLandscapeResources/DefaultAlphaTexture.uasset" 215
"../../../Engine/Content/EditorLandscapeResources/DefaultAlphaTexture.uexp" 216
"../../../Engine/Content/EditorLandscapeResources/DataLayer.uasset" 217
"../../../Engine/Content/EditorLandscapeResources/DataLayer.uexp" 218
"../../../Engine/Content/EditorMaterials/PreviewShadowIndicator.ubulk" 219
"../../../Engine/Content/EditorMaterials/PreviewShadowIndicator.uasset" 220
"../../../Engine/Content/EditorMaterials/PreviewShadowIndicator.uexp" 221
"../../../Engine/Content/EditorMaterials/PreviewShadowIndicatorMaterial.uasset" 222
"../../../Engine/Content/EditorMaterials/PreviewShadowIndicatorMaterial.uexp" 223
"../../../Engine/Content/EditorMaterials/MAT_Groups_Visibility.uasset" 224
"../../../Engine/Content/EditorMaterials/MAT_Groups_Visibility.uexp" 225
"../../../Engine/Content/EditorMaterials/MAT_Groups_Toggle.uasset" 226
"../../../Engine/Content/EditorMaterials/MAT_Groups_Toggle.uexp" 227
"../../../Engine/Content/EditorMaterials/MatineeGroups/MAT_Groups_Vector.uasset" 228
"../../../Engine/Content/EditorMaterials/MatineeGroups/MAT_Groups_Vector.uexp" 229
"../../../Engine/Content/EditorMaterials/MatineeGroups/MAT_Groups_Sound.uasset" 230
"../../../Engine/Content/EditorMaterials/MatineeGroups/MAT_Groups_Sound.uexp" 231
"../../../Engine/Content/EditorMaterials/MatineeGroups/MAT_Groups_Slomo.uasset" 232
"../../../Engine/Content/EditorMaterials/MatineeGroups/MAT_Groups_Slomo.uexp" 233
"../../../Engine/Content/EditorMaterials/MatineeGroups/MAT_Groups_Move.uasset" 234
"../../../Engine/Content/EditorMaterials/MatineeGroups/MAT_Groups_Move.uexp" 235
"../../../Engine/Content/EditorMaterials/MatineeGroups/MAT_Groups_Float.uasset" 236
"../../../Engine/Content/EditorMaterials/MatineeGroups/MAT_Groups_Float.uexp" 237
"../../../Engine/Content/EditorMaterials/MatineeGroups/MAT_Groups_Fade.uasset" 238
"../../../Engine/Content/EditorMaterials/MatineeGroups/MAT_Groups_Fade.uexp" 239
"../../../Engine/Content/EditorMaterials/MatineeGroups/MAT_Groups_Event.uasset" 240
"../../../Engine/Content/EditorMaterials/MatineeGroups/MAT_Groups_Event.uexp" 241
"../../../Engine/Content/EditorMaterials/MatineeGroups/MAT_Groups_Director.uasset" 242
"../../../Engine/Content/EditorMaterials/MatineeGroups/MAT_Groups_Director.uexp" 243
"../../../Engine/Content/EditorMaterials/MatineeGroups/MAT_Groups_AudioMaster.uasset" 244
"../../../Engine/Content/EditorMaterials/MatineeGroups/MAT_Groups_AudioMaster.uexp" 245
"../../../Engine/Content/EditorMaterials/MatineeGroups/MAT_Groups_Anim.uasset" 246
"../../../Engine/Content/EditorMaterials/MatineeGroups/MAT_Groups_Anim.uexp" 247
"../../../Engine/Content/EditorMaterials/MatineeGroups/MAT_ColorTrack.uasset" 248
"../../../Engine/Content/EditorMaterials/MatineeGroups/MAT_ColorTrack.uexp" 249
"../../../Engine/Content/EditorMaterials/ParticleSystems/PSysThumbnail_OOD.ubulk" 250
"../../../Engine/Content/EditorMaterials/ParticleSystems/PSysThumbnail_OOD.uasset" 251
"../../../Engine/Content/EditorMaterials/ParticleSystems/PSysThumbnail_OOD.uexp" 252
"../../../Engine/Content/EditorMaterials/ParticleSystems/PSysThumbnail_NoImage.ubulk" 253
"../../../Engine/Content/EditorMaterials/ParticleSystems/PSysThumbnail_NoImage.uasset" 254
"../../../Engine/Content/EditorMaterials/ParticleSystems/PSysThumbnail_NoImage.uexp" 255
"../../../Engine/Content/Functions/Engine_MaterialFunctions02/Utility/MakeFloat4.uasset" 256
"../../../Engine/Content/Functions/Engine_MaterialFunctions02/Utility/MakeFloat4.uexp" 257
"../../../Engine/Content/Functions/Engine_MaterialFunctions02/Utility/MakeFloat3.uasset" 258
"../../../Engine/Content/Functions/Engine_MaterialFunctions02/Utility/MakeFloat3.uexp" 259
"../../../Engine/Content/Functions/Engine_MaterialFunctions02/Utility/BreakOutFloat3Components.uasset" 260
"../../../Engine/Content/Functions/Engine_MaterialFunctions02/Utility/BreakOutFloat3Components.uexp" 261
"../../../Engine/Content/EditorMaterials/WorldPartition/WorldPartitionSpatialHashGridPreviewMaterial.uasset" 262
"../../../Engine/Content/EditorMaterials/WorldPartition/WorldPartitionSpatialHashGridPreviewMaterial.uexp" 263
"../../../Engine/Content/EditorMaterials/Camera/CineMat.uasset" 264
"../../../Engine/Content/EditorMaterials/Camera/CineMat.uexp" 265
"../../../Engine/Content/EditorMaterials/Camera/MI_CineMat_Rig.uasset" 266
"../../../Engine/Content/EditorMaterials/Camera/MI_CineMat_Rig.uexp" 267
"../../../Engine/Content/EditorMeshes/Camera/SM_RailRig_Track.ubulk" 268
"../../../Engine/Content/EditorMeshes/Camera/SM_RailRig_Track.uasset" 269
"../../../Engine/Content/EditorMeshes/Camera/SM_RailRig_Track.uexp" 270
"../../../Engine/Content/EditorMeshes/Camera/SM_RailRig_Mount.ubulk" 271
"../../../Engine/Content/EditorMeshes/Camera/SM_RailRig_Mount.uasset" 272
"../../../Engine/Content/EditorMeshes/Camera/SM_RailRig_Mount.uexp" 273
"../../../Engine/Content/EditorMeshes/Camera/SM_CraneRig_Mount.ubulk" 274
"../../../Engine/Content/EditorMeshes/Camera/SM_CraneRig_Mount.uasset" 275
"../../../Engine/Content/EditorMeshes/Camera/SM_CraneRig_Mount.uexp" 276
"../../../Engine/Content/EditorMeshes/Camera/SM_CraneRig_Body.ubulk" 277
"../../../Engine/Content/EditorMeshes/Camera/SM_CraneRig_Body.uasset" 278
"../../../Engine/Content/EditorMeshes/Camera/SM_CraneRig_Body.uexp" 279
"../../../Engine/Content/EditorMeshes/Camera/SM_CraneRig_Base.ubulk" 280
"../../../Engine/Content/EditorMeshes/Camera/SM_CraneRig_Base.uasset" 281
"../../../Engine/Content/EditorMeshes/Camera/SM_CraneRig_Base.uexp" 282
"../../../Engine/Content/EditorMeshes/Camera/SM_CraneRig_Arm.ubulk" 283
"../../../Engine/Content/EditorMeshes/Camera/SM_CraneRig_Arm.uasset" 284
"../../../Engine/Content/EditorMeshes/Camera/SM_CraneRig_Arm.uexp" 285
"../../../Engine/Content/EditorResources/S_TriggerSphere.uasset" 286
"../../../Engine/Content/EditorResources/S_TriggerSphere.uexp" 287
"../../../Engine/Content/EditorResources/S_TriggerCapsule.uasset" 288
"../../../Engine/Content/EditorResources/S_TriggerCapsule.uexp" 289
"../../../Engine/Content/EditorResources/S_TriggerBox.uasset" 290
"../../../Engine/Content/EditorResources/S_TriggerBox.uexp" 291
"../../../Engine/Content/EditorResources/S_Trigger.ubulk" 292
"../../../Engine/Content/EditorResources/S_Trigger.uasset" 293
"../../../Engine/Content/EditorResources/S_Trigger.uexp" 294
"../../../Engine/Content/EditorResources/S_Terrain.ubulk" 295
"../../../Engine/Content/EditorResources/S_Terrain.uasset" 296
"../../../Engine/Content/EditorResources/S_Terrain.uexp" 297
"../../../Engine/Content/EditorResources/S_Solver.ubulk" 298
"../../../Engine/Content/EditorResources/S_Solver.uasset" 299
"../../../Engine/Content/EditorResources/S_Solver.uexp" 300
"../../../Engine/Content/EditorResources/S_BoxReflectionCapture.uasset" 301
"../../../Engine/Content/EditorResources/S_BoxReflectionCapture.uexp" 302
"../../../Engine/Content/EditorResources/S_Actor.ubulk" 303
"../../../Engine/Content/EditorResources/S_Actor.uasset" 304
"../../../Engine/Content/EditorResources/S_Actor.uexp" 305
"../../../Engine/Content/EditorResources/BSPVertex.uasset" 306
"../../../Engine/Content/EditorResources/BSPVertex.uexp" 307
"../../../Engine/Content/EditorResources/SequenceRecorder/RecordingIndicator.uasset" 308
"../../../Engine/Content/EditorResources/SequenceRecorder/RecordingIndicator.uexp" 309
"../../../Engine/Content/EditorResources/SequenceRecorder/Countdown.uasset" 310
"../../../Engine/Content/EditorResources/SequenceRecorder/Countdown.uexp" 311
"../../../Engine/Content/EngineDamageTypes/DmgTypeBP_Environmental.uasset" 312
"../../../Engine/Content/EngineDamageTypes/DmgTypeBP_Environmental.uexp" 313
"../../../Engine/Content/Functions/Engine_MaterialFunctions02/Utility/CameraDirectionVector.uasset" 314
"../../../Engine/Content/Functions/Engine_MaterialFunctions02/Utility/CameraDirectionVector.uexp" 315
"../../../Engine/Content/EngineDebugMaterials/VolumeToRender.uasset" 316
"../../../Engine/Content/EngineDebugMaterials/VolumeToRender.uexp" 317
"../../../Engine/Content/EngineDebugMaterials/M_VolumeRenderSphereTracePP.uasset" 318
"../../../Engine/Content/EngineDebugMaterials/M_VolumeRenderSphereTracePP.uexp" 319
"../../../Engine/Content/EngineDebugMaterials/M_SimpleUnlitTranslucent.uasset" 320
"../../../Engine/Content/EngineDebugMaterials/M_SimpleUnlitTranslucent.uexp" 321
"../../../Engine/Content/EngineDebugMaterials/DebugMeshMaterial.uasset" 322
"../../../Engine/Content/EngineDebugMaterials/DebugMeshMaterial.uexp" 323
"../../../Engine/Content/EngineDebugMaterials/DebugEditorMaterial.uasset" 324
"../../../Engine/Content/EngineDebugMaterials/DebugEditorMaterial.uexp" 325
"../../../Engine/Content/EngineFonts/Faces/RobotoLight.uexp" 326
"../../../Engine/Content/EngineFonts/Faces/RobotoLight.uasset" 327
"../../../Engine/Content/EngineFonts/Faces/RobotoLight.ufont" 328
"../../../Engine/Content/EngineFonts/Faces/RobotoBold.uexp" 329
"../../../Engine/Content/EngineFonts/Faces/RobotoBold.uasset" 330
"../../../Engine/Content/EngineFonts/Faces/RobotoBold.ufont" 331
"../../../Engine/Content/EngineFonts/Faces/RobotoRegular.uexp" 332
"../../../Engine/Content/EngineFonts/Faces/RobotoRegular.uasset" 333
"../../../Engine/Content/EngineFonts/Faces/RobotoRegular.ufont" 334
"../../../Engine/Content/EngineFonts/Faces/DroidSansFallback.uexp" 335
"../../../Engine/Content/EngineFonts/Faces/DroidSansFallback.uasset" 336
"../../../Engine/Content/EngineFonts/Faces/DroidSansFallback.ufont" 337
"../../../Engine/Content/EngineFonts/Faces/RobotoItalic.uexp" 338
"../../../Engine/Content/EngineFonts/Faces/RobotoItalic.uasset" 339
"../../../Engine/Content/EngineFonts/Faces/RobotoItalic.ufont" 340
"../../../Engine/Content/EngineFonts/Faces/RobotoBoldItalic.uexp" 341
"../../../Engine/Content/EngineFonts/Faces/RobotoBoldItalic.uasset" 342
"../../../Engine/Content/EngineFonts/Faces/RobotoBoldItalic.ufont" 343
"../../../Engine/Content/EngineFonts/Roboto.uasset" 344
"../../../Engine/Content/EngineFonts/Roboto.uexp" 345
"../../../Engine/Content/EngineResources/WhiteSquareTexture.uasset" 346
"../../../Engine/Content/EngineResources/WhiteSquareTexture.uexp" 347
"../../../Engine/Content/EngineMaterials/Widget3DPassThrough.uasset" 348
"../../../Engine/Content/EngineMaterials/Widget3DPassThrough.uexp" 349
"../../../Engine/Content/EngineMaterials/Widget3DPassThrough_Translucent.uasset" 350
"../../../Engine/Content/EngineMaterials/Widget3DPassThrough_Translucent.uexp" 351
"../../../Engine/Content/EngineMaterials/Widget3DPassThrough_Translucent_OneSided.uasset" 352
"../../../Engine/Content/EngineMaterials/Widget3DPassThrough_Translucent_OneSided.uexp" 353
"../../../Engine/Content/EngineMaterials/Widget3DPassThrough_Opaque.uasset" 354
"../../../Engine/Content/EngineMaterials/Widget3DPassThrough_Opaque.uexp" 355
"../../../Engine/Content/EngineMaterials/Widget3DPassThrough_Opaque_OneSided.uasset" 356
"../../../Engine/Content/EngineMaterials/Widget3DPassThrough_Opaque_OneSided.uexp" 357
"../../../Engine/Content/EngineMaterials/Widget3DPassThrough_Masked_OneSided.uasset" 358
"../../../Engine/Content/EngineMaterials/Widget3DPassThrough_Masked_OneSided.uexp" 359
"../../../Engine/Content/EngineMaterials/Widget3DPassThrough_Masked.uasset" 360
"../../../Engine/Content/EngineMaterials/Widget3DPassThrough_Masked.uexp" 361
"../../../Engine/Content/EngineMaterials/WeightMapPlaceholderTexture.uasset" 362
"../../../Engine/Content/EngineMaterials/WeightMapPlaceholderTexture.uexp" 363
"../../../Engine/Content/EngineMaterials/RemoveSurfaceMaterial.uasset" 364
"../../../Engine/Content/EngineMaterials/RemoveSurfaceMaterial.uexp" 365
"../../../Engine/Content/EngineMaterials/PreintegratedSkinBRDF.uasset" 366
"../../../Engine/Content/EngineMaterials/PreintegratedSkinBRDF.uexp" 367
"../../../Engine/Content/EngineMaterials/DefaultCalibrationGrayscale.uasset" 368
"../../../Engine/Content/EngineMaterials/DefaultCalibrationGrayscale.uexp" 369
"../../../Engine/Content/EngineMaterials/PPM_DefaultCalibrationGrayscale.uasset" 370
"../../../Engine/Content/EngineMaterials/PPM_DefaultCalibrationGrayscale.uexp" 371
"../../../Engine/Content/EngineMaterials/DefaultCalibrationColor.uasset" 372
"../../../Engine/Content/EngineMaterials/DefaultCalibrationColor.uexp" 373
"../../../Engine/Content/EngineMaterials/PPM_DefaultCalibrationColor.uasset" 374
"../../../Engine/Content/EngineMaterials/PPM_DefaultCalibrationColor.uexp" 375
"../../../Engine/Content/Functions/Engine_MaterialFunctions02/WorldPositionOffset/CameraOffset.uasset" 376
"../../../Engine/Content/Functions/Engine_MaterialFunctions02/WorldPositionOffset/CameraOffset.uexp" 377
"../../../Engine/Content/EngineMaterials/PhAT_JointLimitMaterial.uasset" 378
"../../../Engine/Content/EngineMaterials/PhAT_JointLimitMaterial.uexp" 379
"../../../Engine/Content/EngineMaterials/InvalidLightmapSettings.ubulk" 380
"../../../Engine/Content/EngineMaterials/InvalidLightmapSettings.uasset" 381
"../../../Engine/Content/EngineMaterials/InvalidLightmapSettings.uexp" 382
"../../../Engine/Content/EngineMaterials/M_InvalidLightmapSettings.uasset" 383
"../../../Engine/Content/EngineMaterials/M_InvalidLightmapSettings.uexp" 384
"../../../Engine/Content/EngineMaterials/MiniFont.uasset" 385
"../../../Engine/Content/EngineMaterials/MiniFont.uexp" 386
"../../../Engine/Content/EngineMeshes/Sphere.ubulk" 387
"../../../Engine/Content/EngineMeshes/Sphere.uasset" 388
"../../../Engine/Content/EngineMeshes/Sphere.uexp" 389
"../../../Engine/Content/EngineMaterials/Good64x64TilingNoiseHighFreq.uasset" 390
"../../../Engine/Content/EngineMaterials/Good64x64TilingNoiseHighFreq.uexp" 391
"../../../Engine/Content/EngineMaterials/GizmoMaterial.uasset" 392
"../../../Engine/Content/EngineMaterials/GizmoMaterial.uexp" 393
"../../../Engine/Content/EngineMaterials/BaseFlattenEmissiveMap_VT.uasset" 394
"../../../Engine/Content/EngineMaterials/BaseFlattenEmissiveMap_VT.uexp" 395
"../../../Engine/Content/EngineMaterials/BaseFlattenGrayscaleMap_VT.uasset" 396
"../../../Engine/Content/EngineMaterials/BaseFlattenGrayscaleMap_VT.uexp" 397
"../../../Engine/Content/EngineMaterials/BaseFlattenLinearColor_VT.uasset" 398
"../../../Engine/Content/EngineMaterials/BaseFlattenLinearColor_VT.uexp" 399
"../../../Engine/Content/EngineMaterials/Black_1x1_EXR_Texture_VT.uasset" 400
"../../../Engine/Content/EngineMaterials/Black_1x1_EXR_Texture_VT.uexp" 401
"../../../Engine/Content/EngineMaterials/BaseFlattenDiffuseMap_VT.uasset" 402
"../../../Engine/Content/EngineMaterials/BaseFlattenDiffuseMap_VT.uexp" 403
"../../../Engine/Content/EngineMaterials/BaseFlattenNormalMap_VT.uasset" 404
"../../../Engine/Content/EngineMaterials/BaseFlattenNormalMap_VT.uexp" 405
"../../../Engine/Content/EngineMaterials/FlattenMaterial_WS_Normal_VT.uasset" 406
"../../../Engine/Content/EngineMaterials/FlattenMaterial_WS_Normal_VT.uexp" 407
"../../../Engine/Content/EngineMaterials/FlattenMaterial_VT.uasset" 408
"../../../Engine/Content/EngineMaterials/FlattenMaterial_VT.uexp" 409
"../../../Engine/Content/EngineMaterials/BaseFlattenNormalMap.uasset" 410
"../../../Engine/Content/EngineMaterials/BaseFlattenNormalMap.uexp" 411
"../../../Engine/Content/EngineMaterials/BaseFlattenGrayscaleMap.uasset" 412
"../../../Engine/Content/EngineMaterials/BaseFlattenGrayscaleMap.uexp" 413
"../../../Engine/Content/EngineMaterials/BaseFlattenDiffuseMap.uasset" 414
"../../../Engine/Content/EngineMaterials/BaseFlattenDiffuseMap.uexp" 415
"../../../Engine/Content/Functions/Engine_MaterialFunctions02/PivotPainter2/Black_1x1_EXR_Texture.uasset" 416
"../../../Engine/Content/Functions/Engine_MaterialFunctions02/PivotPainter2/Black_1x1_EXR_Texture.uexp" 417
"../../../Engine/Content/EngineMaterials/BaseFlattenEmissiveMap.uasset" 418
"../../../Engine/Content/EngineMaterials/BaseFlattenEmissiveMap.uexp" 419
"../../../Engine/Content/EngineMaterials/BaseFlattenLinearColor.uasset" 420
"../../../Engine/Content/EngineMaterials/BaseFlattenLinearColor.uexp" 421
"../../../Engine/Content/EngineMaterials/FlattenMaterial.uasset" 422
"../../../Engine/Content/EngineMaterials/FlattenMaterial.uexp" 423
"../../../Engine/Content/EngineMaterials/DefaultWhiteGrid_Low.uasset" 424
"../../../Engine/Content/EngineMaterials/DefaultWhiteGrid_Low.uexp" 425
"../../../Engine/Content/EngineMaterials/EmissiveMeshMaterial.uasset" 426
"../../../Engine/Content/EngineMaterials/EmissiveMeshMaterial.uexp" 427
"../../../Engine/Content/EngineMaterials/DefaultWhiteGrid.ubulk" 428
"../../../Engine/Content/EngineMaterials/DefaultWhiteGrid.uasset" 429
"../../../Engine/Content/EngineMaterials/DefaultWhiteGrid.uexp" 430
"../../../Engine/Content/EngineFonts/RobotoDistanceField.uasset" 431
"../../../Engine/Content/EngineFonts/RobotoDistanceField.uexp" 432
"../../../Engine/Content/EngineMaterials/DefaultTextMaterialOpaque.uasset" 433
"../../../Engine/Content/EngineMaterials/DefaultTextMaterialOpaque.uexp" 434
"../../../Engine/Content/EngineMaterials/DefaultDiffuse.ubulk" 435
"../../../Engine/Content/EngineMaterials/DefaultDiffuse.uasset" 436
"../../../Engine/Content/EngineMaterials/DefaultDiffuse.uexp" 437
"../../../Engine/Content/EngineMaterials/DefaultPostProcessMaterial.uasset" 438
"../../../Engine/Content/EngineMaterials/DefaultPostProcessMaterial.uexp" 439
"../../../Engine/Content/EngineMaterials/DefaultPhysicalMaterial.uasset" 440
"../../../Engine/Content/EngineMaterials/DefaultPhysicalMaterial.uexp" 441
"../../../Engine/Content/EngineMaterials/DefaultLightFunctionMaterial.uasset" 442
"../../../Engine/Content/EngineMaterials/DefaultLightFunctionMaterial.uexp" 443
"../../../Engine/Content/EngineMaterials/DefaultDestructiblePhysicalMaterial.uasset" 444
"../../../Engine/Content/EngineMaterials/DefaultDestructiblePhysicalMaterial.uexp" 445
"../../../Engine/Content/EngineMaterials/DefaultDeferredDecalMaterial.uasset" 446
"../../../Engine/Content/EngineMaterials/DefaultDeferredDecalMaterial.uexp" 447
"../../../Engine/Content/EngineMaterials/DefaultBokeh.uasset" 448
"../../../Engine/Content/EngineMaterials/DefaultBokeh.uexp" 449
"../../../Engine/Content/EngineMaterials/DefaultBloomKernel.uasset" 450
"../../../Engine/Content/EngineMaterials/DefaultBloomKernel.uexp" 451
"../../../Engine/Content/EngineMaterials/BlueNoise.uasset" 452
"../../../Engine/Content/EngineMaterials/BlueNoise.uexp" 453
"../../../Engine/Content/EngineResources/GradientTexture0.uasset" 454
"../../../Engine/Content/EngineResources/GradientTexture0.uexp" 455
"../../../Engine/Content/EngineResources/DefaultVolumeTexture2D.uasset" 456
"../../../Engine/Content/EngineResources/DefaultVolumeTexture2D.uexp" 457
"../../../Engine/Content/EngineResources/DefaultVolumeTexture.uasset" 458
"../../../Engine/Content/EngineResources/DefaultVolumeTexture.uexp" 459
"../../../Engine/Content/EngineResources/DefaultTextureCube.uasset" 460
"../../../Engine/Content/EngineResources/DefaultTextureCube.uexp" 461
"../../../Engine/Content/EngineResources/DefaultTexture.ubulk" 462
"../../../Engine/Content/EngineResources/DefaultTexture.uasset" 463
"../../../Engine/Content/EngineResources/DefaultTexture.uexp" 464
"../../../Engine/Content/EngineResources/Black.uasset" 465
"../../../Engine/Content/EngineResources/Black.uexp" 466
"../../../Engine/Content/EngineResources/FilmGrains/Marcie_Grain_v3_128_M2_000.uasset" 467
"../../../Engine/Content/EngineResources/FilmGrains/Marcie_Grain_v3_128_M2_000.uexp" 468
"../../../Engine/Content/EngineSky/VolumetricClouds/CloudWeatherTexture.uasset" 469
"../../../Engine/Content/EngineSky/VolumetricClouds/CloudWeatherTexture.uexp" 470
"../../../Engine/Content/Functions/Engine_MaterialFunctions02/Utility/MakeFloat2.uasset" 471
"../../../Engine/Content/Functions/Engine_MaterialFunctions02/Utility/MakeFloat2.uexp" 472
"../../../Engine/Content/EngineSky/VolumetricClouds/CloudGradientTexture.uasset" 473
"../../../Engine/Content/EngineSky/VolumetricClouds/CloudGradientTexture.uexp" 474
"../../../Engine/Content/EngineSky/VolumetricClouds/T_NoiseShape64.ubulk" 475
"../../../Engine/Content/EngineSky/VolumetricClouds/T_NoiseShape64.uasset" 476
"../../../Engine/Content/EngineSky/VolumetricClouds/T_NoiseShape64.uexp" 477
"../../../Engine/Content/EngineSky/VolumetricClouds/T_VolumeNoiseShape64.uasset" 478
"../../../Engine/Content/EngineSky/VolumetricClouds/T_VolumeNoiseShape64.uexp" 479
"../../../Engine/Content/EngineSky/VolumetricClouds/T_NoiseErosion.ubulk" 480
"../../../Engine/Content/EngineSky/VolumetricClouds/T_NoiseErosion.uasset" 481
"../../../Engine/Content/EngineSky/VolumetricClouds/T_NoiseErosion.uexp" 482
"../../../Engine/Content/EngineSky/VolumetricClouds/T_VolumeNoiseErosion32.uasset" 483
"../../../Engine/Content/EngineSky/VolumetricClouds/T_VolumeNoiseErosion32.uexp" 484
"../../../Engine/Content/EngineSky/VolumetricClouds/m_SimpleVolumetricCloud.uasset" 485
"../../../Engine/Content/EngineSky/VolumetricClouds/m_SimpleVolumetricCloud.uexp" 486
"../../../Engine/Content/EngineSky/VolumetricClouds/m_SimpleVolumetricCloud_Inst.uasset" 487
"../../../Engine/Content/EngineSky/VolumetricClouds/m_SimpleVolumetricCloud_Inst.uexp" 488
"../../../Engine/Content/EngineSounds/Master.uasset" 489
"../../../Engine/Content/EngineSounds/Master.uexp" 490
"../../../Engine/Content/Functions/Engine_MaterialFunctions01/Shading/PowerToRoughness.uasset" 491
"../../../Engine/Content/Functions/Engine_MaterialFunctions01/Shading/PowerToRoughness.uexp" 492
"../../../Engine/Content/Functions/Engine_MaterialFunctions01/Shading/ConvertFromDiffSpec.uasset" 493
"../../../Engine/Content/Functions/Engine_MaterialFunctions01/Shading/ConvertFromDiffSpec.uexp" 494
"../../../Engine/Content/MobileResources/HUD/VirtualJoystick_Background.uasset" 495
"../../../Engine/Content/MobileResources/HUD/VirtualJoystick_Background.uexp" 496
"../../../Engine/Content/MobileResources/HUD/VirtualJoystick_Thumb.uasset" 497
"../../../Engine/Content/MobileResources/HUD/VirtualJoystick_Thumb.uexp" 498
"../../../Engine/Content/MobileResources/HUD/DefaultVirtualJoysticks.uasset" 499
"../../../Engine/Content/MobileResources/HUD/DefaultVirtualJoysticks.uexp" 500
"../../../Engine/Content/Tutorial/ContentIntroCurve.uasset" 501
"../../../Engine/Content/Tutorial/ContentIntroCurve.uexp" 502
"../../../Engine/Content/VREditor/TransformGizmo/Main.uasset" 503
"../../../Engine/Content/VREditor/TransformGizmo/Main.uexp" 504
"../../../Engine/Content/VREditor/TransformGizmo/Xray.uasset" 505
"../../../Engine/Content/VREditor/TransformGizmo/Xray.uexp" 506
"../../../Engine/Content/VREditor/TransformGizmo/SM_Sequencer_Node.ubulk" 507
"../../../Engine/Content/VREditor/TransformGizmo/SM_Sequencer_Node.uasset" 508
"../../../Engine/Content/VREditor/TransformGizmo/SM_Sequencer_Node.uexp" 509
"../../../Engine/Content/VREditor/LaserPointer/VR_LaserPower_01.ubulk" 510
"../../../Engine/Content/VREditor/LaserPointer/VR_LaserPower_01.uasset" 511
"../../../Engine/Content/VREditor/LaserPointer/VR_LaserPower_01.uexp" 512
"../../../Engine/Content/VREditor/TransformGizmo/TransformGizmoMaterial.uasset" 513
"../../../Engine/Content/VREditor/TransformGizmo/TransformGizmoMaterial.uexp" 514
"../../../Engine/Content/VREditor/TransformGizmo/TranslucentTransformGizmoMaterial.uasset" 515
"../../../Engine/Content/VREditor/TransformGizmo/TranslucentTransformGizmoMaterial.uexp" 516
"../../../Engine/Content/VREditor/TransformGizmo/PlaneTranslationHandle.ubulk" 517
"../../../Engine/Content/VREditor/TransformGizmo/PlaneTranslationHandle.uasset" 518
"../../../Engine/Content/VREditor/TransformGizmo/PlaneTranslationHandle.uexp" 519
"../../../Engine/Content/VREditor/TransformGizmo/BoundingBoxEdge.ubulk" 520
"../../../Engine/Content/VREditor/TransformGizmo/BoundingBoxEdge.uasset" 521
"../../../Engine/Content/VREditor/TransformGizmo/BoundingBoxEdge.uexp" 522
"../../../Engine/Content/VREditor/TransformGizmo/BoundingBoxCorner.ubulk" 523
"../../../Engine/Content/VREditor/TransformGizmo/BoundingBoxCorner.uasset" 524
"../../../Engine/Content/VREditor/TransformGizmo/BoundingBoxCorner.uexp" 525
"../../../Engine/Plugins/2D/Paper2D/Content/PlaceholderTextures/DummySpriteTexture.ubulk" 526
"../../../Engine/Plugins/2D/Paper2D/Content/PlaceholderTextures/DummySpriteTexture.uasset" 527
"../../../Engine/Plugins/2D/Paper2D/Content/PlaceholderTextures/DummySpriteTexture.uexp" 528
"../../../Engine/Plugins/2D/Paper2D/Content/DefaultSpriteMaterial.uasset" 529
"../../../Engine/Plugins/2D/Paper2D/Content/DefaultSpriteMaterial.uexp" 530
"../../../Engine/Plugins/2D/Paper2D/Content/OpaqueUnlitSpriteMaterial.uasset" 531
"../../../Engine/Plugins/2D/Paper2D/Content/OpaqueUnlitSpriteMaterial.uexp" 532
"../../../Engine/Plugins/2D/Paper2D/Content/MaskedUnlitSpriteMaterial.uasset" 533
"../../../Engine/Plugins/2D/Paper2D/Content/MaskedUnlitSpriteMaterial.uexp" 534
"../../../Engine/Plugins/2D/Paper2D/Content/DummySprite.uasset" 535
"../../../Engine/Plugins/2D/Paper2D/Content/DummySprite.uexp" 536
"../../../Engine/Plugins/2D/Paper2D/Content/DefaultPaperTerrainMaterial.uasset" 537
"../../../Engine/Plugins/2D/Paper2D/Content/DefaultPaperTerrainMaterial.uexp" 538
"../../../Engine/Plugins/Animation/ControlRig/Content/M_Manip.uasset" 539
"../../../Engine/Plugins/Animation/ControlRig/Content/M_Manip.uexp" 540
"../../../Engine/Plugins/Animation/ControlRig/Content/Controls/DefaultGizmoLibraryNormalized.uasset" 541
"../../../Engine/Plugins/Animation/ControlRig/Content/Controls/DefaultGizmoLibraryNormalized.uexp" 542
"../../../Engine/Plugins/Animation/ControlRig/Content/Controls/ControlRig_Wedge_solid.ubulk" 543
"../../../Engine/Plugins/Animation/ControlRig/Content/Controls/ControlRig_Wedge_solid.uasset" 544
"../../../Engine/Plugins/Animation/ControlRig/Content/Controls/ControlRig_Wedge_solid.uexp" 545
"../../../Engine/Plugins/Animation/ControlRig/Content/Controls/ControlRig_Wedge_3mm.ubulk" 546
"../../../Engine/Plugins/Animation/ControlRig/Content/Controls/ControlRig_Wedge_3mm.uasset" 547
"../../../Engine/Plugins/Animation/ControlRig/Content/Controls/ControlRig_Wedge_3mm.uexp" 548
"../../../Engine/Plugins/Animation/ControlRig/Content/Controls/ControlRig_Wedge_1mm.ubulk" 549
"../../../Engine/Plugins/Animation/ControlRig/Content/Controls/ControlRig_Wedge_1mm.uasset" 550
"../../../Engine/Plugins/Animation/ControlRig/Content/Controls/ControlRig_Wedge_1mm.uexp" 551
"../../../Engine/Plugins/Animation/ControlRig/Content/Controls/ControlRig_Triangle_solid.ubulk" 552
"../../../Engine/Plugins/Animation/ControlRig/Content/Controls/ControlRig_Triangle_solid.uasset" 553
"../../../Engine/Plugins/Animation/ControlRig/Content/Controls/ControlRig_Triangle_solid.uexp" 554
"../../../Engine/Plugins/Animation/ControlRig/Content/Controls/ControlRig_Triangle_3mm.ubulk" 555
"../../../Engine/Plugins/Animation/ControlRig/Content/Controls/ControlRig_Triangle_3mm.uasset" 556
"../../../Engine/Plugins/Animation/ControlRig/Content/Controls/ControlRig_Triangle_3mm.uexp" 557
"../../../Engine/Plugins/Animation/ControlRig/Content/Controls/ControlRig_Triangle_1mm.ubulk" 558
"../../../Engine/Plugins/Animation/ControlRig/Content/Controls/ControlRig_Triangle_1mm.uasset" 559
"../../../Engine/Plugins/Animation/ControlRig/Content/Controls/ControlRig_Triangle_1mm.uexp" 560
"../../../Engine/Plugins/Animation/ControlRig/Content/Controls/ControlRig_Star4_solid.ubulk" 561
"../../../Engine/Plugins/Animation/ControlRig/Content/Controls/ControlRig_Star4_solid.uasset" 562
"../../../Engine/Plugins/Animation/ControlRig/Content/Controls/ControlRig_Star4_solid.uexp" 563
"../../../Engine/Plugins/Animation/ControlRig/Content/Controls/ControlRig_Star4_3mm.ubulk" 564
"../../../Engine/Plugins/Animation/ControlRig/Content/Controls/ControlRig_Star4_3mm.uasset" 565
"../../../Engine/Plugins/Animation/ControlRig/Content/Controls/ControlRig_Star4_3mm.uexp" 566
"../../../Engine/Plugins/Animation/ControlRig/Content/Controls/ControlRig_Star4_1mm.ubulk" 567
"../../../Engine/Plugins/Animation/ControlRig/Content/Controls/ControlRig_Star4_1mm.uasset" 568
"../../../Engine/Plugins/Animation/ControlRig/Content/Controls/ControlRig_Star4_1mm.uexp" 569
"../../../Engine/Plugins/Animation/ControlRig/Content/Controls/ControlRig_Square_solid.ubulk" 570
"../../../Engine/Plugins/Animation/ControlRig/Content/Controls/ControlRig_Square_solid.uasset" 571
"../../../Engine/Plugins/Animation/ControlRig/Content/Controls/ControlRig_Square_solid.uexp" 572
"../../../Engine/Plugins/Animation/ControlRig/Content/Controls/ControlRig_Square_3mm.ubulk" 573
"../../../Engine/Plugins/Animation/ControlRig/Content/Controls/ControlRig_Square_3mm.uasset" 574
"../../../Engine/Plugins/Animation/ControlRig/Content/Controls/ControlRig_Square_3mm.uexp" 575
"../../../Engine/Plugins/Animation/ControlRig/Content/Controls/ControlRig_Square_1mm.ubulk" 576
"../../../Engine/Plugins/Animation/ControlRig/Content/Controls/ControlRig_Square_1mm.uasset" 577
"../../../Engine/Plugins/Animation/ControlRig/Content/Controls/ControlRig_Square_1mm.uexp" 578
"../../../Engine/Plugins/Animation/ControlRig/Content/Controls/ControlRig_Sphere_solid.ubulk" 579
"../../../Engine/Plugins/Animation/ControlRig/Content/Controls/ControlRig_Sphere_solid.uasset" 580
"../../../Engine/Plugins/Animation/ControlRig/Content/Controls/ControlRig_Sphere_solid.uexp" 581
"../../../Engine/Plugins/Animation/ControlRig/Content/Controls/ControlRig_Sphere_3mm.ubulk" 582
"../../../Engine/Plugins/Animation/ControlRig/Content/Controls/ControlRig_Sphere_3mm.uasset" 583
"../../../Engine/Plugins/Animation/ControlRig/Content/Controls/ControlRig_Sphere_3mm.uexp" 584
"../../../Engine/Plugins/Animation/ControlRig/Content/Controls/ControlRig_Sphere_1mm.ubulk" 585
"../../../Engine/Plugins/Animation/ControlRig/Content/Controls/ControlRig_Sphere_1mm.uasset" 586
"../../../Engine/Plugins/Animation/ControlRig/Content/Controls/ControlRig_Sphere_1mm.uexp" 587
"../../../Engine/Plugins/Animation/ControlRig/Content/Controls/ControlRig_RoundedTriangle_solid.ubulk" 588
"../../../Engine/Plugins/Animation/ControlRig/Content/Controls/ControlRig_RoundedTriangle_solid.uasset" 589
"../../../Engine/Plugins/Animation/ControlRig/Content/Controls/ControlRig_RoundedTriangle_solid.uexp" 590
"../../../Engine/Plugins/Animation/ControlRig/Content/Controls/ControlRig_RoundedTriangle_3mm.ubulk" 591
"../../../Engine/Plugins/Animation/ControlRig/Content/Controls/ControlRig_RoundedTriangle_3mm.uasset" 592
"../../../Engine/Plugins/Animation/ControlRig/Content/Controls/ControlRig_RoundedTriangle_3mm.uexp" 593
"../../../Engine/Plugins/Animation/ControlRig/Content/Controls/ControlRig_RoundedTriangle_1mm.ubulk" 594
"../../../Engine/Plugins/Animation/ControlRig/Content/Controls/ControlRig_RoundedTriangle_1mm.uasset" 595
"../../../Engine/Plugins/Animation/ControlRig/Content/Controls/ControlRig_RoundedTriangle_1mm.uexp" 596
"../../../Engine/Plugins/Animation/ControlRig/Content/Controls/ControlRig_RoundedSquare_solid.ubulk" 597
"../../../Engine/Plugins/Animation/ControlRig/Content/Controls/ControlRig_RoundedSquare_solid.uasset" 598
"../../../Engine/Plugins/Animation/ControlRig/Content/Controls/ControlRig_RoundedSquare_solid.uexp" 599
"../../../Engine/Plugins/Animation/ControlRig/Content/Controls/ControlRig_RoundedSquare_3mm.ubulk" 600
"../../../Engine/Plugins/Animation/ControlRig/Content/Controls/ControlRig_RoundedSquare_3mm.uasset" 601
"../../../Engine/Plugins/Animation/ControlRig/Content/Controls/ControlRig_RoundedSquare_3mm.uexp" 602
"../../../Engine/Plugins/Animation/ControlRig/Content/Controls/ControlRig_RoundedSquare_1mm.ubulk" 603
"../../../Engine/Plugins/Animation/ControlRig/Content/Controls/ControlRig_RoundedSquare_1mm.uasset" 604
"../../../Engine/Plugins/Animation/ControlRig/Content/Controls/ControlRig_RoundedSquare_1mm.uexp" 605
"../../../Engine/Plugins/Animation/ControlRig/Content/Controls/ControlRig_QuarterCircle_solid.ubulk" 606
"../../../Engine/Plugins/Animation/ControlRig/Content/Controls/ControlRig_QuarterCircle_solid.uasset" 607
"../../../Engine/Plugins/Animation/ControlRig/Content/Controls/ControlRig_QuarterCircle_solid.uexp" 608
"../../../Engine/Plugins/Animation/ControlRig/Content/Controls/ControlRig_QuarterCircle_3mm.ubulk" 609
"../../../Engine/Plugins/Animation/ControlRig/Content/Controls/ControlRig_QuarterCircle_3mm.uasset" 610
"../../../Engine/Plugins/Animation/ControlRig/Content/Controls/ControlRig_QuarterCircle_3mm.uexp" 611
"../../../Engine/Plugins/Animation/ControlRig/Content/Controls/ControlRig_QuarterCircle_1mm.ubulk" 612
"../../../Engine/Plugins/Animation/ControlRig/Content/Controls/ControlRig_QuarterCircle_1mm.uasset" 613
"../../../Engine/Plugins/Animation/ControlRig/Content/Controls/ControlRig_QuarterCircle_1mm.uexp" 614
"../../../Engine/Plugins/Animation/ControlRig/Content/Controls/ControlRig_Pyramid_solid.ubulk" 615
"../../../Engine/Plugins/Animation/ControlRig/Content/Controls/ControlRig_Pyramid_solid.uasset" 616
"../../../Engine/Plugins/Animation/ControlRig/Content/Controls/ControlRig_Pyramid_solid.uexp" 617
"../../../Engine/Plugins/Animation/ControlRig/Content/Controls/ControlRig_Pyramid_3mm.ubulk" 618
"../../../Engine/Plugins/Animation/ControlRig/Content/Controls/ControlRig_Pyramid_3mm.uasset" 619
"../../../Engine/Plugins/Animation/ControlRig/Content/Controls/ControlRig_Pyramid_3mm.uexp" 620
"../../../Engine/Plugins/Animation/ControlRig/Content/Controls/ControlRig_Pyramid_1mm.ubulk" 621
"../../../Engine/Plugins/Animation/ControlRig/Content/Controls/ControlRig_Pyramid_1mm.uasset" 622
"../../../Engine/Plugins/Animation/ControlRig/Content/Controls/ControlRig_Pyramid_1mm.uexp" 623
"../../../Engine/Plugins/Animation/ControlRig/Content/Controls/ControlRig_Octagon_solid.ubulk" 624
"../../../Engine/Plugins/Animation/ControlRig/Content/Controls/ControlRig_Octagon_solid.uasset" 625
"../../../Engine/Plugins/Animation/ControlRig/Content/Controls/ControlRig_Octagon_solid.uexp" 626
"../../../Engine/Plugins/Animation/ControlRig/Content/Controls/ControlRig_Octagon_3mm.ubulk" 627
"../../../Engine/Plugins/Animation/ControlRig/Content/Controls/ControlRig_Octagon_3mm.uasset" 628
"../../../Engine/Plugins/Animation/ControlRig/Content/Controls/ControlRig_Octagon_3mm.uexp" 629
"../../../Engine/Plugins/Animation/ControlRig/Content/Controls/ControlRig_Octagon_1mm.ubulk" 630
"../../../Engine/Plugins/Animation/ControlRig/Content/Controls/ControlRig_Octagon_1mm.uasset" 631
"../../../Engine/Plugins/Animation/ControlRig/Content/Controls/ControlRig_Octagon_1mm.uexp" 632
"../../../Engine/Plugins/Animation/ControlRig/Content/Controls/ControlRig_Hexagon_solid.ubulk" 633
"../../../Engine/Plugins/Animation/ControlRig/Content/Controls/ControlRig_Hexagon_solid.uasset" 634
"../../../Engine/Plugins/Animation/ControlRig/Content/Controls/ControlRig_Hexagon_solid.uexp" 635
"../../../Engine/Plugins/Animation/ControlRig/Content/Controls/ControlRig_Hexagon_3mm.ubulk" 636
"../../../Engine/Plugins/Animation/ControlRig/Content/Controls/ControlRig_Hexagon_3mm.uasset" 637
"../../../Engine/Plugins/Animation/ControlRig/Content/Controls/ControlRig_Hexagon_3mm.uexp" 638
"../../../Engine/Plugins/Animation/ControlRig/Content/Controls/ControlRig_Hexagon_1mm.ubulk" 639
"../../../Engine/Plugins/Animation/ControlRig/Content/Controls/ControlRig_Hexagon_1mm.uasset" 640
"../../../Engine/Plugins/Animation/ControlRig/Content/Controls/ControlRig_Hexagon_1mm.uexp" 641
"../../../Engine/Plugins/Animation/ControlRig/Content/Controls/ControlRig_HalfCircle_solid.ubulk" 642
"../../../Engine/Plugins/Animation/ControlRig/Content/Controls/ControlRig_HalfCircle_solid.uasset" 643
"../../../Engine/Plugins/Animation/ControlRig/Content/Controls/ControlRig_HalfCircle_solid.uexp" 644
"../../../Engine/Plugins/Animation/ControlRig/Content/Controls/ControlRig_HalfCircle_3mm.ubulk" 645
"../../../Engine/Plugins/Animation/ControlRig/Content/Controls/ControlRig_HalfCircle_3mm.uasset" 646
"../../../Engine/Plugins/Animation/ControlRig/Content/Controls/ControlRig_HalfCircle_3mm.uexp" 647
"../../../Engine/Plugins/Animation/ControlRig/Content/Controls/ControlRig_HalfCircle_1mm.ubulk" 648
"../../../Engine/Plugins/Animation/ControlRig/Content/Controls/ControlRig_HalfCircle_1mm.uasset" 649
"../../../Engine/Plugins/Animation/ControlRig/Content/Controls/ControlRig_HalfCircle_1mm.uexp" 650
"../../../Engine/Plugins/Animation/ControlRig/Content/Controls/ControlRig_Diamond_solid.ubulk" 651
"../../../Engine/Plugins/Animation/ControlRig/Content/Controls/ControlRig_Diamond_solid.uasset" 652
"../../../Engine/Plugins/Animation/ControlRig/Content/Controls/ControlRig_Diamond_solid.uexp" 653
"../../../Engine/Plugins/Animation/ControlRig/Content/Controls/ControlRig_Diamond_3mm.ubulk" 654
"../../../Engine/Plugins/Animation/ControlRig/Content/Controls/ControlRig_Diamond_3mm.uasset" 655
"../../../Engine/Plugins/Animation/ControlRig/Content/Controls/ControlRig_Diamond_3mm.uexp" 656
"../../../Engine/Plugins/Animation/ControlRig/Content/Controls/ControlRig_Diamond_1mm.ubulk" 657
"../../../Engine/Plugins/Animation/ControlRig/Content/Controls/ControlRig_Diamond_1mm.uasset" 658
"../../../Engine/Plugins/Animation/ControlRig/Content/Controls/ControlRig_Diamond_1mm.uexp" 659
"../../../Engine/Plugins/Animation/ControlRig/Content/Controls/ControlRig_Circle_solid.ubulk" 660
"../../../Engine/Plugins/Animation/ControlRig/Content/Controls/ControlRig_Circle_solid.uasset" 661
"../../../Engine/Plugins/Animation/ControlRig/Content/Controls/ControlRig_Circle_solid.uexp" 662
"../../../Engine/Plugins/Animation/ControlRig/Content/Controls/ControlRig_Circle_3mm.ubulk" 663
"../../../Engine/Plugins/Animation/ControlRig/Content/Controls/ControlRig_Circle_3mm.uasset" 664
"../../../Engine/Plugins/Animation/ControlRig/Content/Controls/ControlRig_Circle_3mm.uexp" 665
"../../../Engine/Plugins/Animation/ControlRig/Content/Controls/ControlRig_Circle_1mm.ubulk" 666
"../../../Engine/Plugins/Animation/ControlRig/Content/Controls/ControlRig_Circle_1mm.uasset" 667
"../../../Engine/Plugins/Animation/ControlRig/Content/Controls/ControlRig_Circle_1mm.uexp" 668
"../../../Engine/Plugins/Animation/ControlRig/Content/Controls/ControlRig_Box_solid.ubulk" 669
"../../../Engine/Plugins/Animation/ControlRig/Content/Controls/ControlRig_Box_solid.uasset" 670
"../../../Engine/Plugins/Animation/ControlRig/Content/Controls/ControlRig_Box_solid.uexp" 671
"../../../Engine/Plugins/Animation/ControlRig/Content/Controls/ControlRig_Box_3mm.ubulk" 672
"../../../Engine/Plugins/Animation/ControlRig/Content/Controls/ControlRig_Box_3mm.uasset" 673
"../../../Engine/Plugins/Animation/ControlRig/Content/Controls/ControlRig_Box_3mm.uexp" 674
"../../../Engine/Plugins/Animation/ControlRig/Content/Controls/ControlRig_Box_1mm.ubulk" 675
"../../../Engine/Plugins/Animation/ControlRig/Content/Controls/ControlRig_Box_1mm.uasset" 676
"../../../Engine/Plugins/Animation/ControlRig/Content/Controls/ControlRig_Box_1mm.uexp" 677
"../../../Engine/Plugins/Animation/ControlRig/Content/Controls/ControlRig_Arrow_solid.ubulk" 678
"../../../Engine/Plugins/Animation/ControlRig/Content/Controls/ControlRig_Arrow_solid.uasset" 679
"../../../Engine/Plugins/Animation/ControlRig/Content/Controls/ControlRig_Arrow_solid.uexp" 680
"../../../Engine/Plugins/Animation/ControlRig/Content/Controls/ControlRig_Arrow_3mm.ubulk" 681
"../../../Engine/Plugins/Animation/ControlRig/Content/Controls/ControlRig_Arrow_3mm.uasset" 682
"../../../Engine/Plugins/Animation/ControlRig/Content/Controls/ControlRig_Arrow_3mm.uexp" 683
"../../../Engine/Plugins/Animation/ControlRig/Content/Controls/ControlRig_Arrow_1mm.ubulk" 684
"../../../Engine/Plugins/Animation/ControlRig/Content/Controls/ControlRig_Arrow_1mm.uasset" 685
"../../../Engine/Plugins/Animation/ControlRig/Content/Controls/ControlRig_Arrow_1mm.uexp" 686
"../../../Engine/Plugins/Animation/ControlRig/Content/Controls/ControlRig_Arrow4_solid.ubulk" 687
"../../../Engine/Plugins/Animation/ControlRig/Content/Controls/ControlRig_Arrow4_solid.uasset" 688
"../../../Engine/Plugins/Animation/ControlRig/Content/Controls/ControlRig_Arrow4_solid.uexp" 689
"../../../Engine/Plugins/Animation/ControlRig/Content/Controls/ControlRig_Arrow4_3mm.ubulk" 690
"../../../Engine/Plugins/Animation/ControlRig/Content/Controls/ControlRig_Arrow4_3mm.uasset" 691
"../../../Engine/Plugins/Animation/ControlRig/Content/Controls/ControlRig_Arrow4_3mm.uexp" 692
"../../../Engine/Plugins/Animation/ControlRig/Content/Controls/ControlRig_Arrow4_1mm.ubulk" 693
"../../../Engine/Plugins/Animation/ControlRig/Content/Controls/ControlRig_Arrow4_1mm.uasset" 694
"../../../Engine/Plugins/Animation/ControlRig/Content/Controls/ControlRig_Arrow4_1mm.uexp" 695
"../../../Engine/Plugins/Animation/ControlRig/Content/Controls/ControlRig_Arrow2_solid.ubulk" 696
"../../../Engine/Plugins/Animation/ControlRig/Content/Controls/ControlRig_Arrow2_solid.uasset" 697
"../../../Engine/Plugins/Animation/ControlRig/Content/Controls/ControlRig_Arrow2_solid.uexp" 698
"../../../Engine/Plugins/Animation/ControlRig/Content/Controls/ControlRig_Arrow2_3mm.ubulk" 699
"../../../Engine/Plugins/Animation/ControlRig/Content/Controls/ControlRig_Arrow2_3mm.uasset" 700
"../../../Engine/Plugins/Animation/ControlRig/Content/Controls/ControlRig_Arrow2_3mm.uexp" 701
"../../../Engine/Plugins/Animation/ControlRig/Content/Controls/ControlRig_Arrow2_1mm.ubulk" 702
"../../../Engine/Plugins/Animation/ControlRig/Content/Controls/ControlRig_Arrow2_1mm.uasset" 703
"../../../Engine/Plugins/Animation/ControlRig/Content/Controls/ControlRig_Arrow2_1mm.uexp" 704
"../../../Engine/Plugins/Animation/ControlRig/Content/Controls/ControlRigGizmoMaterial.uasset" 705
"../../../Engine/Plugins/Animation/ControlRig/Content/Controls/ControlRigGizmoMaterial.uexp" 706
"../../../Engine/Plugins/Editor/SpeedTreeImporter/Content/SpeedTree9/game_wind_noise.ubulk" 707
"../../../Engine/Plugins/Editor/SpeedTreeImporter/Content/SpeedTree9/game_wind_noise.uasset" 708
"../../../Engine/Plugins/Editor/SpeedTreeImporter/Content/SpeedTree9/game_wind_noise.uexp" 709
"../../../Engine/Plugins/Editor/SpeedTreeImporter/Content/SpeedTree9/UnpackDirection.uasset" 710
"../../../Engine/Plugins/Editor/SpeedTreeImporter/Content/SpeedTree9/UnpackDirection.uexp" 711
"../../../Engine/Content/Functions/Engine_MaterialFunctions02/ObjectLocalBounds.uasset" 712
"../../../Engine/Content/Functions/Engine_MaterialFunctions02/ObjectLocalBounds.uexp" 713
"../../../Engine/Content/Functions/Engine_MaterialFunctions02/UVs/BoundingBoxBased_0-1_UVW.uasset" 714
"../../../Engine/Content/Functions/Engine_MaterialFunctions02/UVs/BoundingBoxBased_0-1_UVW.uexp" 715
"../../../Engine/Content/Functions/Engine_MaterialFunctions02/Utility/VectorLength.uasset" 716
"../../../Engine/Content/Functions/Engine_MaterialFunctions02/Utility/VectorLength.uexp" 717
"../../../Engine/Plugins/Editor/SpeedTreeImporter/Content/SpeedTree9/UnpackInteger3.uasset" 718
"../../../Engine/Plugins/Editor/SpeedTreeImporter/Content/SpeedTree9/UnpackInteger3.uexp" 719
"../../../Engine/Plugins/Editor/SpeedTreeImporter/Content/SpeedTree9/SpeedTreeCameraFacing.uasset" 720
"../../../Engine/Plugins/Editor/SpeedTreeImporter/Content/SpeedTree9/SpeedTreeCameraFacing.uexp" 721
"../../../Engine/Content/Functions/Engine_MaterialFunctions02/WorldPositionOffset/ObjectScale.uasset" 722
"../../../Engine/Content/Functions/Engine_MaterialFunctions02/WorldPositionOffset/ObjectScale.uexp" 723
"../../../Engine/Content/Functions/Engine_MaterialFunctions02/SafeNormalize.uasset" 724
"../../../Engine/Content/Functions/Engine_MaterialFunctions02/SafeNormalize.uexp" 725
"../../../Engine/Plugins/Editor/SpeedTreeImporter/Content/SpeedTree9/SpeedTreeWindMotion.uasset" 726
"../../../Engine/Plugins/Editor/SpeedTreeImporter/Content/SpeedTree9/SpeedTreeWindMotion.uexp" 727
"../../../Engine/Plugins/Editor/SpeedTreeImporter/Content/SpeedTree9/SpeedTreeBranchMotion.uasset" 728
"../../../Engine/Plugins/Editor/SpeedTreeImporter/Content/SpeedTree9/SpeedTreeBranchMotion.uexp" 729
"../../../Engine/Plugins/Editor/SpeedTreeImporter/Content/SpeedTree9/SpeedTreeWind.uasset" 730
"../../../Engine/Plugins/Editor/SpeedTreeImporter/Content/SpeedTree9/SpeedTreeWind.uexp" 731
"../../../Engine/Plugins/Editor/SpeedTreeImporter/Content/SpeedTree9/EmptyNormal.uasset" 732
"../../../Engine/Plugins/Editor/SpeedTreeImporter/Content/SpeedTree9/EmptyNormal.uexp" 733
"../../../Engine/Plugins/Editor/SpeedTreeImporter/Content/SpeedTree9/Empty.uasset" 734
"../../../Engine/Plugins/Editor/SpeedTreeImporter/Content/SpeedTree9/Empty.uexp" 735
"../../../Engine/Plugins/Editor/SpeedTreeImporter/Content/SpeedTree9/SpeedTreeMaster.uasset" 736
"../../../Engine/Plugins/Editor/SpeedTreeImporter/Content/SpeedTree9/SpeedTreeMaster.uexp" 737
"../../../Engine/Plugins/Editor/SpeedTreeImporter/Content/SpeedTree9/SpeedTreeBillboard.uasset" 738
"../../../Engine/Plugins/Editor/SpeedTreeImporter/Content/SpeedTree9/SpeedTreeBillboard.uexp" 739
"../../../Engine/Plugins/Editor/SpeedTreeImporter/Content/SpeedTree9/SpeedTreeBillboardMaster.uasset" 740
"../../../Engine/Plugins/Editor/SpeedTreeImporter/Content/SpeedTree9/SpeedTreeBillboardMaster.uexp" 741
"../../../Engine/Plugins/Experimental/Landmass/Content/Landscape/BlueprintBrushes/MPC/MPC_Landscape.uasset" 742
"../../../Engine/Plugins/Experimental/Landmass/Content/Landscape/BlueprintBrushes/MPC/MPC_Landscape.uexp" 743
"../../../Engine/Plugins/Experimental/Water/Content/Curves/FloatCurve_WaterBodyIsland.uasset" 744
"../../../Engine/Plugins/Experimental/Water/Content/Curves/FloatCurve_WaterBodyIsland.uexp" 745
"../../../Engine/Plugins/Experimental/Water/Content/Curves/FloatCurve.uasset" 746
"../../../Engine/Plugins/Experimental/Water/Content/Curves/FloatCurve.uexp" 747
"../../../Engine/Plugins/Experimental/Water/Content/Icons/WaterZoneActorSprite.ubulk" 748
"../../../Engine/Plugins/Experimental/Water/Content/Icons/WaterZoneActorSprite.uasset" 749
"../../../Engine/Plugins/Experimental/Water/Content/Icons/WaterZoneActorSprite.uexp" 750
"../../../Engine/Plugins/Experimental/Water/Content/Icons/WaterSprite.uasset" 751
"../../../Engine/Plugins/Experimental/Water/Content/Icons/WaterSprite.uexp" 752
"../../../Engine/Plugins/Experimental/Water/Content/Icons/WaterLandscapeBrushSprite.ubulk" 753
"../../../Engine/Plugins/Experimental/Water/Content/Icons/WaterLandscapeBrushSprite.uasset" 754
"../../../Engine/Plugins/Experimental/Water/Content/Icons/WaterLandscapeBrushSprite.uexp" 755
"../../../Engine/Plugins/Experimental/Water/Content/Icons/WaterErrorSprite.ubulk" 756
"../../../Engine/Plugins/Experimental/Water/Content/Icons/WaterErrorSprite.uasset" 757
"../../../Engine/Plugins/Experimental/Water/Content/Icons/WaterErrorSprite.uexp" 758
"../../../Engine/Plugins/Experimental/Water/Content/Icons/WaterBodyRiverSprite.uasset" 759
"../../../Engine/Plugins/Experimental/Water/Content/Icons/WaterBodyRiverSprite.uexp" 760
"../../../Engine/Plugins/Experimental/Water/Content/Icons/WaterBodyOceanSprite.uasset" 761
"../../../Engine/Plugins/Experimental/Water/Content/Icons/WaterBodyOceanSprite.uexp" 762
"../../../Engine/Plugins/Experimental/Water/Content/Icons/WaterBodyLakeSprite.uasset" 763
"../../../Engine/Plugins/Experimental/Water/Content/Icons/WaterBodyLakeSprite.uexp" 764
"../../../Engine/Plugins/Experimental/Water/Content/Icons/WaterBodyIslandSprite.uasset" 765
"../../../Engine/Plugins/Experimental/Water/Content/Icons/WaterBodyIslandSprite.uexp" 766
"../../../Engine/Plugins/Experimental/Water/Content/Icons/WaterBodyExclusionVolumeSprite.uasset" 767
"../../../Engine/Plugins/Experimental/Water/Content/Icons/WaterBodyExclusionVolumeSprite.uexp" 768
"../../../Engine/Plugins/Experimental/Water/Content/Icons/WaterBodyCustomSprite.uasset" 769
"../../../Engine/Plugins/Experimental/Water/Content/Icons/WaterBodyCustomSprite.uexp" 770
"../../../Engine/Plugins/Experimental/Water/Content/Materials/MPC/MPC_Water.uasset" 771
"../../../Engine/Plugins/Experimental/Water/Content/Materials/MPC/MPC_Water.uexp" 772
"../../../Engine/Plugins/Experimental/Water/Content/Meshes/RiverMesh.ubulk" 773
"../../../Engine/Plugins/Experimental/Water/Content/Meshes/RiverMesh.uasset" 774
"../../../Engine/Plugins/Experimental/Water/Content/Meshes/RiverMesh.uexp" 775
"../../../Engine/Plugins/Experimental/Water/Content/Meshes/LakeMesh.ubulk" 776
"../../../Engine/Plugins/Experimental/Water/Content/Meshes/LakeMesh.uasset" 777
"../../../Engine/Plugins/Experimental/Water/Content/Meshes/LakeMesh.uexp" 778
"../../../Engine/Plugins/Experimental/Water/Content/Waves/GerstnerWaves_Ocean.uasset" 779
"../../../Engine/Plugins/Experimental/Water/Content/Waves/GerstnerWaves_Ocean.uexp" 780
"../../../Engine/Plugins/Experimental/Water/Content/Waves/GerstnerWaves_Lake.uasset" 781
"../../../Engine/Plugins/Experimental/Water/Content/Waves/GerstnerWaves_Lake.uexp" 782
"../../../Engine/Plugins/Runtime/HairStrands/Content/Materials/HairMeshesDefaultMaterial.uasset" 783
"../../../Engine/Plugins/Runtime/HairStrands/Content/Materials/HairMeshesDefaultMaterial.uexp" 784
"../../../Engine/Plugins/Runtime/HairStrands/Content/Materials/HairDefaultMaterial.uasset" 785
"../../../Engine/Plugins/Runtime/HairStrands/Content/Materials/HairDefaultMaterial.uexp" 786
"../../../Engine/Plugins/Runtime/HairStrands/Content/Materials/HairGroupColors.uasset" 787
"../../../Engine/Plugins/Runtime/HairStrands/Content/Materials/HairGroupColors.uexp" 788
"../../../Engine/Content/EngineMaterials/HairColorMap.uasset" 789
"../../../Engine/Content/EngineMaterials/HairColorMap.uexp" 790
"../../../Engine/Content/EngineMaterials/HairDebugColor.uasset" 791
"../../../Engine/Content/EngineMaterials/HairDebugColor.uexp" 792
"../../../Engine/Plugins/Runtime/HairStrands/Content/Materials/HairDebugMaterial.uasset" 793
"../../../Engine/Plugins/Runtime/HairStrands/Content/Materials/HairDebugMaterial.uexp" 794
"../../../Engine/Plugins/Runtime/HairStrands/Content/Materials/HairCardsDefaultMaterial.uasset" 795
"../../../Engine/Plugins/Runtime/HairStrands/Content/Materials/HairCardsDefaultMaterial.uexp" 796
"C:/Users/bro_a/OneDrive/Documents/GitHub/Engines1Project/Engines1Project/Content/UITextures/ButtonHover.ubulk" 797
"C:/Users/bro_a/OneDrive/Documents/GitHub/Engines1Project/Engines1Project/Content/UITextures/ButtonHover.uasset" 798
"C:/Users/bro_a/OneDrive/Documents/GitHub/Engines1Project/Engines1Project/Content/UITextures/ButtonHover.uexp" 799
"C:/Users/bro_a/OneDrive/Documents/GitHub/Engines1Project/Engines1Project/Content/UITextures/ButtonPressed.ubulk" 800
"C:/Users/bro_a/OneDrive/Documents/GitHub/Engines1Project/Engines1Project/Content/UITextures/ButtonPressed.uasset" 801
"C:/Users/bro_a/OneDrive/Documents/GitHub/Engines1Project/Engines1Project/Content/UITextures/ButtonPressed.uexp" 802
"C:/Users/bro_a/OneDrive/Documents/GitHub/Engines1Project/Engines1Project/Content/UITextures/ButtonNoraml.ubulk" 803
"C:/Users/bro_a/OneDrive/Documents/GitHub/Engines1Project/Engines1Project/Content/UITextures/ButtonNoraml.uasset" 804
"C:/Users/bro_a/OneDrive/Documents/GitHub/Engines1Project/Engines1Project/Content/UITextures/ButtonNoraml.uexp" 805
"C:/Users/bro_a/OneDrive/Documents/GitHub/Engines1Project/Engines1Project/Content/UITextures/T_Menu_BG.uasset" 806
"C:/Users/bro_a/OneDrive/Documents/GitHub/Engines1Project/Engines1Project/Content/UITextures/T_Menu_BG.uexp" 807
"C:/Users/bro_a/OneDrive/Documents/GitHub/Engines1Project/Engines1Project/Content/InterfaceWidgest/StartMenuWidget.uasset" 808
"C:/Users/bro_a/OneDrive/Documents/GitHub/Engines1Project/Engines1Project/Content/InterfaceWidgest/StartMenuWidget.uexp" 809
"C:/Users/bro_a/OneDrive/Documents/GitHub/Engines1Project/Engines1Project/Content/StartMenuGame/StartMenuController.uasset" 810
"C:/Users/bro_a/OneDrive/Documents/GitHub/Engines1Project/Engines1Project/Content/StartMenuGame/StartMenuController.uexp" 811
"C:/Users/bro_a/OneDrive/Documents/GitHub/Engines1Project/Engines1Project/Content/StartMenuGame/StartMenuGameMode.uasset" 812
"C:/Users/bro_a/OneDrive/Documents/GitHub/Engines1Project/Engines1Project/Content/StartMenuGame/StartMenuGameMode.uexp" 813
"C:/Users/bro_a/OneDrive/Documents/GitHub/Engines1Project/Engines1Project/Content/StartMenuGame/StartMenu.uexp" 814
"C:/Users/bro_a/OneDrive/Documents/GitHub/Engines1Project/Engines1Project/Content/StartMenuGame/StartMenu.umap" 815
"../../../Engine/Content/Maps/Entry_BuiltData.uasset" 816
"../../../Engine/Content/Maps/Entry_BuiltData.uexp" 817
"../../../Engine/Content/Maps/Entry.uexp" 818
"../../../Engine/Content/Maps/Entry.umap" 819
